{"/home/travis/build/npmtest/node-npmtest-yargs/test.js":{"path":"/home/travis/build/npmtest/node-npmtest-yargs/test.js","s":{"1":2,"2":2,"3":2,"4":2,"5":2,"6":2,"7":2,"8":1,"9":2,"10":2,"11":1,"12":1,"13":1,"14":1,"15":2,"16":2,"17":2,"18":2,"19":1,"20":1,"21":2,"22":2,"23":2,"24":1,"25":1,"26":1,"27":1,"28":1,"29":1,"30":1,"31":1,"32":1,"33":1,"34":1,"35":1,"36":2,"37":2,"38":1,"39":2,"40":2,"41":1,"42":2,"43":2,"44":1,"45":1,"46":1,"47":1,"48":1},"b":{"1":[2,1,1,1],"2":[1,1,1,1],"3":[1,1],"4":[1,1],"5":[1,1],"6":[1,1],"7":[1,1],"8":[1,1],"9":[1,1,1],"10":[1,1],"11":[1,1],"12":[1,1],"13":[1,1],"14":[1,1],"15":[1,1]},"f":{"1":2,"2":2,"3":2,"4":2,"5":2,"6":1,"7":1,"8":2,"9":2,"10":2,"11":1},"fnMap":{"1":{"name":"(anonymous_1)","line":12,"loc":{"start":{"line":12,"column":1},"end":{"line":12,"column":13}}},"2":{"name":"(anonymous_2)","line":19,"loc":{"start":{"line":19,"column":5},"end":{"line":19,"column":17}}},"3":{"name":"(anonymous_3)","line":23,"loc":{"start":{"line":23,"column":24},"end":{"line":23,"column":36}}},"4":{"name":"(anonymous_4)","line":61,"loc":{"start":{"line":61,"column":5},"end":{"line":61,"column":17}}},"5":{"name":"(anonymous_5)","line":82,"loc":{"start":{"line":82,"column":5},"end":{"line":82,"column":17}}},"6":{"name":"(anonymous_6)","line":102,"loc":{"start":{"line":102,"column":83},"end":{"line":105,"column":10}},"skip":true},"7":{"name":"(anonymous_7)","line":113,"loc":{"start":{"line":113,"column":77},"end":{"line":116,"column":10}},"skip":true},"8":{"name":"(anonymous_8)","line":127,"loc":{"start":{"line":127,"column":77},"end":{"line":130,"column":10}},"skip":true},"9":{"name":"(anonymous_9)","line":138,"loc":{"start":{"line":138,"column":83},"end":{"line":141,"column":10}},"skip":true},"10":{"name":"(anonymous_10)","line":149,"loc":{"start":{"line":149,"column":79},"end":{"line":152,"column":10}},"skip":true},"11":{"name":"(anonymous_11)","line":160,"loc":{"start":{"line":160,"column":75},"end":{"line":163,"column":10}},"skip":true}},"statementMap":{"1":{"start":{"line":12,"column":0},"end":{"line":175,"column":5}},"2":{"start":{"line":14,"column":4},"end":{"line":14,"column":14}},"3":{"start":{"line":19,"column":4},"end":{"line":56,"column":9}},"4":{"start":{"line":21,"column":8},"end":{"line":21,"column":19}},"5":{"start":{"line":23,"column":8},"end":{"line":35,"column":13}},"6":{"start":{"line":24,"column":12},"end":{"line":34,"column":13}},"7":{"start":{"line":25,"column":16},"end":{"line":28,"column":30}},"8":{"start":{"line":30,"column":16},"end":{"line":33,"column":27}},"9":{"start":{"line":37,"column":8},"end":{"line":39,"column":21}},"10":{"start":{"line":40,"column":8},"end":{"line":53,"column":9}},"11":{"start":{"line":43,"column":12},"end":{"line":46,"column":14}},"12":{"start":{"line":47,"column":12},"end":{"line":47,"column":18}},"13":{"start":{"line":50,"column":12},"end":{"line":51,"column":46}},"14":{"start":{"line":52,"column":12},"end":{"line":52,"column":18}},"15":{"start":{"line":55,"column":8},"end":{"line":55,"column":35}},"16":{"start":{"line":61,"column":4},"end":{"line":63,"column":9}},"17":{"start":{"line":62,"column":8},"end":{"line":62,"column":15}},"18":{"start":{"line":64,"column":4},"end":{"line":77,"column":5}},"19":{"start":{"line":70,"column":8},"end":{"line":70,"column":14}},"20":{"start":{"line":76,"column":8},"end":{"line":76,"column":14}},"21":{"start":{"line":82,"column":4},"end":{"line":84,"column":9}},"22":{"start":{"line":83,"column":8},"end":{"line":83,"column":15}},"23":{"start":{"line":85,"column":4},"end":{"line":174,"column":5}},"24":{"start":{"line":92,"column":8},"end":{"line":94,"column":63}},"25":{"start":{"line":95,"column":8},"end":{"line":95,"column":14}},"26":{"start":{"line":102,"column":8},"end":{"line":111,"column":10},"skip":true},"27":{"start":{"line":109,"column":12},"end":{"line":109,"column":55},"skip":true},"28":{"start":{"line":110,"column":12},"end":{"line":110,"column":48},"skip":true},"29":{"start":{"line":113,"column":8},"end":{"line":125,"column":10},"skip":true},"30":{"start":{"line":120,"column":12},"end":{"line":120,"column":76},"skip":true},"31":{"start":{"line":121,"column":12},"end":{"line":121,"column":73},"skip":true},"32":{"start":{"line":122,"column":12},"end":{"line":122,"column":74},"skip":true},"33":{"start":{"line":123,"column":12},"end":{"line":123,"column":25},"skip":true},"34":{"start":{"line":124,"column":12},"end":{"line":124,"column":45},"skip":true},"35":{"start":{"line":127,"column":8},"end":{"line":136,"column":10},"skip":true},"36":{"start":{"line":134,"column":12},"end":{"line":134,"column":25},"skip":true},"37":{"start":{"line":135,"column":12},"end":{"line":135,"column":45},"skip":true},"38":{"start":{"line":138,"column":8},"end":{"line":147,"column":10},"skip":true},"39":{"start":{"line":145,"column":12},"end":{"line":145,"column":25},"skip":true},"40":{"start":{"line":146,"column":12},"end":{"line":146,"column":48},"skip":true},"41":{"start":{"line":149,"column":8},"end":{"line":158,"column":10},"skip":true},"42":{"start":{"line":156,"column":12},"end":{"line":156,"column":25},"skip":true},"43":{"start":{"line":157,"column":12},"end":{"line":157,"column":46},"skip":true},"44":{"start":{"line":160,"column":8},"end":{"line":169,"column":10},"skip":true},"45":{"start":{"line":167,"column":12},"end":{"line":167,"column":94},"skip":true},"46":{"start":{"line":168,"column":12},"end":{"line":168,"column":48},"skip":true},"47":{"start":{"line":172,"column":8},"end":{"line":172,"column":35},"skip":true},"48":{"start":{"line":173,"column":8},"end":{"line":173,"column":14},"skip":true}},"branchMap":{"1":{"line":25,"type":"binary-expr","locations":[{"start":{"line":25,"column":23},"end":{"line":25,"column":62}},{"start":{"line":26,"column":20},"end":{"line":26,"column":70}},{"start":{"line":27,"column":20},"end":{"line":27,"column":71}},{"start":{"line":28,"column":20},"end":{"line":28,"column":29}}]},"2":{"line":30,"type":"binary-expr","locations":[{"start":{"line":30,"column":23},"end":{"line":30,"column":37}},{"start":{"line":31,"column":20},"end":{"line":31,"column":61}},{"start":{"line":32,"column":20},"end":{"line":32,"column":70}},{"start":{"line":33,"column":20},"end":{"line":33,"column":26}}]},"3":{"line":37,"type":"cond-expr","locations":[{"start":{"line":38,"column":14},"end":{"line":38,"column":20}},{"start":{"line":39,"column":14},"end":{"line":39,"column":20}}]},"4":{"line":40,"type":"switch","locations":[{"start":{"line":42,"column":8},"end":{"line":47,"column":18}},{"start":{"line":49,"column":8},"end":{"line":52,"column":18}}]},"5":{"line":44,"type":"binary-expr","locations":[{"start":{"line":44,"column":16},"end":{"line":44,"column":44}},{"start":{"line":44,"column":48},"end":{"line":44,"column":66}}]},"6":{"line":50,"type":"binary-expr","locations":[{"start":{"line":50,"column":21},"end":{"line":50,"column":49}},{"start":{"line":50,"column":53},"end":{"line":50,"column":72}}]},"7":{"line":64,"type":"switch","locations":[{"start":{"line":69,"column":4},"end":{"line":70,"column":14}},{"start":{"line":75,"column":4},"end":{"line":76,"column":14}}]},"8":{"line":85,"type":"switch","locations":[{"start":{"line":90,"column":4},"end":{"line":95,"column":14}},{"start":{"line":101,"column":4},"end":{"line":173,"column":14},"skip":true}]},"9":{"line":92,"type":"binary-expr","locations":[{"start":{"line":92,"column":18},"end":{"line":92,"column":32}},{"start":{"line":93,"column":12},"end":{"line":93,"column":53}},{"start":{"line":94,"column":12},"end":{"line":94,"column":61}}]},"10":{"line":102,"type":"binary-expr","locations":[{"start":{"line":102,"column":45},"end":{"line":102,"column":79},"skip":true},{"start":{"line":102,"column":83},"end":{"line":111,"column":9},"skip":true}]},"11":{"line":113,"type":"binary-expr","locations":[{"start":{"line":113,"column":42},"end":{"line":113,"column":73},"skip":true},{"start":{"line":113,"column":77},"end":{"line":125,"column":9},"skip":true}]},"12":{"line":127,"type":"binary-expr","locations":[{"start":{"line":127,"column":42},"end":{"line":127,"column":73},"skip":true},{"start":{"line":127,"column":77},"end":{"line":136,"column":9},"skip":true}]},"13":{"line":138,"type":"binary-expr","locations":[{"start":{"line":138,"column":45},"end":{"line":138,"column":79},"skip":true},{"start":{"line":138,"column":83},"end":{"line":147,"column":9},"skip":true}]},"14":{"line":149,"type":"binary-expr","locations":[{"start":{"line":149,"column":43},"end":{"line":149,"column":75},"skip":true},{"start":{"line":149,"column":79},"end":{"line":158,"column":9},"skip":true}]},"15":{"line":160,"type":"binary-expr","locations":[{"start":{"line":160,"column":41},"end":{"line":160,"column":71},"skip":true},{"start":{"line":160,"column":75},"end":{"line":169,"column":9},"skip":true}]}},"code":["/* istanbul instrument in package npmtest_yargs */","/*jslint","    bitwise: true,","    browser: true,","    maxerr: 8,","    maxlen: 96,","    node: true,","    nomen: true,","    regexp: true,","    stupid: true","*/","(function () {","    'use strict';","    var local;","","","","    // run shared js-env code - pre-init","    (function () {","        // init local","        local = {};","        // init modeJs","        local.modeJs = (function () {","            try {","                return typeof navigator.userAgent === 'string' &&","                    typeof document.querySelector('body') === 'object' &&","                    typeof XMLHttpRequest.prototype.open === 'function' &&","                    'browser';","            } catch (errorCaughtBrowser) {","                return module.exports &&","                    typeof process.versions.node === 'string' &&","                    typeof require('http').createServer === 'function' &&","                    'node';","            }","        }());","        // init global","        local.global = local.modeJs === 'browser'","            ? window","            : global;","        switch (local.modeJs) {","        // re-init local from window.local","        case 'browser':","            local = local.global.utility2.objectSetDefault(","                local.global.utility2_rollup || local.global.local,","                local.global.utility2","            );","            break;","        // re-init local from example.js","        case 'node':","            local = (local.global.utility2_rollup || require('utility2'))","                .requireExampleJsFromReadme();","            break;","        }","        // export local","        local.global.local = local;","    }());","","","","    // run shared js-env code - function","    (function () {","        return;","    }());","    switch (local.modeJs) {","","","","    // run browser js-env code - function","    case 'browser':","        break;","","","","    // run node js-env code - function","    case 'node':","        break;","    }","","","","    // run shared js-env code - post-init","    (function () {","        return;","    }());","    switch (local.modeJs) {","","","","    // run browser js-env code - post-init","    case 'browser':","        // run tests","        local.nop(local.modeTest &&","            document.querySelector('#testRunButton1') &&","            document.querySelector('#testRunButton1').click());","        break;","","","","    // run node js-env code - post-init","    /* istanbul ignore next */","    case 'node':","        local.testCase_buildApidoc_default = local.testCase_buildApidoc_default || function (","            options,","            onError","        ) {","        /*","         * this function will test buildApidoc's default handling-behavior-behavior","         */","            options = { modulePathList: module.paths };","            local.buildApidoc(options, onError);","        };","","        local.testCase_buildApp_default = local.testCase_buildApp_default || function (","            options,","            onError","        ) {","        /*","         * this function will test buildApp's default handling-behavior-behavior","         */","            local.testCase_buildReadme_default(options, local.onErrorThrow);","            local.testCase_buildLib_default(options, local.onErrorThrow);","            local.testCase_buildTest_default(options, local.onErrorThrow);","            options = [];","            local.buildApp(options, onError);","        };","","        local.testCase_buildLib_default = local.testCase_buildLib_default || function (","            options,","            onError","        ) {","        /*","         * this function will test buildLib's default handling-behavior","         */","            options = {};","            local.buildLib(options, onError);","        };","","        local.testCase_buildReadme_default = local.testCase_buildReadme_default || function (","            options,","            onError","        ) {","        /*","         * this function will test buildReadme's default handling-behavior-behavior","         */","            options = {};","            local.buildReadme(options, onError);","        };","","        local.testCase_buildTest_default = local.testCase_buildTest_default || function (","            options,","            onError","        ) {","        /*","         * this function will test buildTest's default handling-behavior","         */","            options = {};","            local.buildTest(options, onError);","        };","","        local.testCase_webpage_default = local.testCase_webpage_default || function (","            options,","            onError","        ) {","        /*","         * this function will test webpage's default handling-behavior","         */","            options = { modeCoverageMerge: true, url: local.serverLocalHost + '?modeTest=1' };","            local.browserTest(options, onError);","        };","","        // run test-server","        local.testRunServer(local);","        break;","    }","}());",""],"l":{"12":2,"14":2,"19":2,"21":2,"23":2,"24":2,"25":2,"30":1,"37":2,"40":2,"43":1,"47":1,"50":1,"52":1,"55":2,"61":2,"62":2,"64":2,"70":1,"76":1,"82":2,"83":2,"85":2,"92":1,"95":1,"102":1,"109":1,"110":1,"113":1,"120":1,"121":1,"122":1,"123":1,"124":1,"127":1,"134":2,"135":2,"138":1,"145":2,"146":2,"149":1,"156":2,"157":2,"160":1,"167":1,"168":1,"172":1,"173":1}},"/home/travis/build/npmtest/node-npmtest-yargs/lib.npmtest_yargs.js":{"path":"/home/travis/build/npmtest/node-npmtest-yargs/lib.npmtest_yargs.js","s":{"1":2,"2":2,"3":2,"4":2,"5":2,"6":2,"7":2,"8":1,"9":2,"10":2,"11":2,"12":2,"13":1,"14":1,"15":1,"16":1},"b":{"1":[2,1,1,1],"2":[1,1,1,1],"3":[1,1],"4":[2,2],"5":[1,1]},"f":{"1":2,"2":2,"3":2},"fnMap":{"1":{"name":"(anonymous_1)","line":12,"loc":{"start":{"line":12,"column":1},"end":{"line":12,"column":13}}},"2":{"name":"(anonymous_2)","line":19,"loc":{"start":{"line":19,"column":5},"end":{"line":19,"column":17}}},"3":{"name":"(anonymous_3)","line":23,"loc":{"start":{"line":23,"column":24},"end":{"line":23,"column":36}}}},"statementMap":{"1":{"start":{"line":12,"column":0},"end":{"line":53,"column":5}},"2":{"start":{"line":14,"column":4},"end":{"line":14,"column":14}},"3":{"start":{"line":19,"column":4},"end":{"line":52,"column":9}},"4":{"start":{"line":21,"column":8},"end":{"line":21,"column":19}},"5":{"start":{"line":23,"column":8},"end":{"line":35,"column":13}},"6":{"start":{"line":24,"column":12},"end":{"line":34,"column":13}},"7":{"start":{"line":25,"column":16},"end":{"line":28,"column":30}},"8":{"start":{"line":30,"column":16},"end":{"line":33,"column":27}},"9":{"start":{"line":37,"column":8},"end":{"line":39,"column":21}},"10":{"start":{"line":41,"column":8},"end":{"line":41,"column":54}},"11":{"start":{"line":43,"column":8},"end":{"line":43,"column":50}},"12":{"start":{"line":45,"column":8},"end":{"line":51,"column":9}},"13":{"start":{"line":46,"column":12},"end":{"line":46,"column":56}},"14":{"start":{"line":48,"column":12},"end":{"line":48,"column":35}},"15":{"start":{"line":49,"column":12},"end":{"line":49,"column":49}},"16":{"start":{"line":50,"column":12},"end":{"line":50,"column":43}}},"branchMap":{"1":{"line":25,"type":"binary-expr","locations":[{"start":{"line":25,"column":23},"end":{"line":25,"column":62}},{"start":{"line":26,"column":20},"end":{"line":26,"column":70}},{"start":{"line":27,"column":20},"end":{"line":27,"column":71}},{"start":{"line":28,"column":20},"end":{"line":28,"column":29}}]},"2":{"line":30,"type":"binary-expr","locations":[{"start":{"line":30,"column":23},"end":{"line":30,"column":37}},{"start":{"line":31,"column":20},"end":{"line":31,"column":61}},{"start":{"line":32,"column":20},"end":{"line":32,"column":70}},{"start":{"line":33,"column":20},"end":{"line":33,"column":26}}]},"3":{"line":37,"type":"cond-expr","locations":[{"start":{"line":38,"column":14},"end":{"line":38,"column":20}},{"start":{"line":39,"column":14},"end":{"line":39,"column":20}}]},"4":{"line":41,"type":"binary-expr","locations":[{"start":{"line":41,"column":16},"end":{"line":41,"column":44}},{"start":{"line":41,"column":48},"end":{"line":41,"column":53}}]},"5":{"line":45,"type":"if","locations":[{"start":{"line":45,"column":8},"end":{"line":45,"column":8}},{"start":{"line":45,"column":8},"end":{"line":45,"column":8}}]}},"code":["/* istanbul instrument in package npmtest_yargs */","/*jslint","    bitwise: true,","    browser: true,","    maxerr: 8,","    maxlen: 96,","    node: true,","    nomen: true,","    regexp: true,","    stupid: true","*/","(function () {","    'use strict';","    var local;","","","","    // run shared js-env code - pre-init","    (function () {","        // init local","        local = {};","        // init modeJs","        local.modeJs = (function () {","            try {","                return typeof navigator.userAgent === 'string' &&","                    typeof document.querySelector('body') === 'object' &&","                    typeof XMLHttpRequest.prototype.open === 'function' &&","                    'browser';","            } catch (errorCaughtBrowser) {","                return module.exports &&","                    typeof process.versions.node === 'string' &&","                    typeof require('http').createServer === 'function' &&","                    'node';","            }","        }());","        // init global","        local.global = local.modeJs === 'browser'","            ? window","            : global;","        // init utility2_rollup","        local = local.global.utility2_rollup || local;","        // init lib","        local.local = local.npmtest_yargs = local;","        // init exports","        if (local.modeJs === 'browser') {","            local.global.utility2_npmtest_yargs = local;","        } else {","            module.exports = local;","            module.exports.__dirname = __dirname;","            module.exports.module = module;","        }","    }());","}());",""],"l":{"12":2,"14":2,"19":2,"21":2,"23":2,"24":2,"25":2,"30":1,"37":2,"41":2,"43":2,"45":2,"46":1,"48":1,"49":1,"50":1}},"/home/travis/build/npmtest/node-npmtest-yargs/example.js":{"path":"/home/travis/build/npmtest/node-npmtest-yargs/example.js","s":{"1":2,"2":2,"3":2,"4":2,"5":2,"6":2,"7":2,"8":1,"9":2,"10":2,"11":2,"12":2,"13":1,"14":2,"15":2,"16":2,"17":2,"18":2,"19":0,"20":2,"21":1,"22":1,"23":1,"24":1,"25":1,"26":0,"27":0,"28":1,"29":1,"30":2,"31":0,"32":0,"33":0,"34":1,"35":2,"36":2,"37":2,"38":2,"39":2,"40":2,"41":0,"42":2,"43":2,"44":2,"45":1,"46":3,"47":1,"48":1,"49":1,"50":1,"51":1,"52":1,"53":1,"54":1,"55":1,"56":1,"57":0,"58":1,"59":6,"60":6,"61":1,"62":2,"63":0,"64":2,"65":1,"66":1,"67":0,"68":0,"69":0,"70":0,"71":0,"72":0,"73":0,"74":0,"75":0,"76":0,"77":0,"78":0,"79":0,"80":0,"81":0,"82":0,"83":0},"b":{"1":[2,1,1,1],"2":[1,1,1,1],"3":[1,1],"4":[2,2],"5":[1,1],"6":[1,1],"7":[2,0],"8":[2,1,1,1,1,1],"9":[0,2,0],"10":[1,1],"11":[2,1,1],"12":[1,0],"13":[0,2],"14":[2,0,0,0,0,0,0],"15":[0,2],"16":[2,0],"17":[1,1],"18":[0,1],"19":[1,2,0,2],"20":[1,0],"21":[1,1],"22":[0,0],"23":[0,0],"24":[0,0],"25":[0,0],"26":[0,0],"27":[0,0],"28":[0,0]},"f":{"1":2,"2":2,"3":2,"4":2,"5":2,"6":2,"7":2,"8":2,"9":3,"10":1,"11":6,"12":0},"fnMap":{"1":{"name":"(anonymous_1)","line":26,"loc":{"start":{"line":26,"column":1},"end":{"line":26,"column":13}}},"2":{"name":"(anonymous_2)","line":33,"loc":{"start":{"line":33,"column":5},"end":{"line":33,"column":17}}},"3":{"name":"(anonymous_3)","line":37,"loc":{"start":{"line":37,"column":24},"end":{"line":37,"column":36}}},"4":{"name":"(anonymous_4)","line":69,"loc":{"start":{"line":69,"column":31},"end":{"line":69,"column":48}},"skip":true},"5":{"name":"(anonymous_5)","line":78,"loc":{"start":{"line":78,"column":26},"end":{"line":78,"column":45}},"skip":true},"6":{"name":"(anonymous_6)","line":123,"loc":{"start":{"line":123,"column":33},"end":{"line":123,"column":48}},"skip":true},"7":{"name":"(anonymous_7)","line":125,"loc":{"start":{"line":125,"column":27},"end":{"line":125,"column":39}},"skip":true},"8":{"name":"(anonymous_8)","line":133,"loc":{"start":{"line":133,"column":59},"end":{"line":133,"column":74}},"skip":true},"9":{"name":"(anonymous_9)","line":143,"loc":{"start":{"line":143,"column":45},"end":{"line":143,"column":62}},"skip":true},"10":{"name":"(anonymous_10)","line":144,"loc":{"start":{"line":144,"column":73},"end":{"line":144,"column":92}},"skip":true},"11":{"name":"(anonymous_11)","line":272,"loc":{"start":{"line":272,"column":51},"end":{"line":272,"column":77}},"skip":true},"12":{"name":"(anonymous_12)","line":314,"loc":{"start":{"line":314,"column":32},"end":{"line":314,"column":61}},"skip":true}},"statementMap":{"1":{"start":{"line":26,"column":0},"end":{"line":325,"column":5}},"2":{"start":{"line":28,"column":4},"end":{"line":28,"column":14}},"3":{"start":{"line":33,"column":4},"end":{"line":60,"column":9}},"4":{"start":{"line":35,"column":8},"end":{"line":35,"column":19}},"5":{"start":{"line":37,"column":8},"end":{"line":49,"column":13}},"6":{"start":{"line":38,"column":12},"end":{"line":48,"column":13}},"7":{"start":{"line":39,"column":16},"end":{"line":42,"column":30}},"8":{"start":{"line":44,"column":16},"end":{"line":47,"column":27}},"9":{"start":{"line":51,"column":8},"end":{"line":53,"column":21}},"10":{"start":{"line":55,"column":8},"end":{"line":57,"column":45}},"11":{"start":{"line":59,"column":8},"end":{"line":59,"column":35}},"12":{"start":{"line":61,"column":4},"end":{"line":324,"column":5}},"13":{"start":{"line":69,"column":8},"end":{"line":121,"column":10},"skip":true},"14":{"start":{"line":70,"column":12},"end":{"line":88,"column":13},"skip":true},"15":{"start":{"line":76,"column":16},"end":{"line":87,"column":19},"skip":true},"16":{"start":{"line":79,"column":20},"end":{"line":86,"column":21},"skip":true},"17":{"start":{"line":82,"column":24},"end":{"line":82,"column":43},"skip":true},"18":{"start":{"line":83,"column":24},"end":{"line":83,"column":30},"skip":true},"19":{"start":{"line":85,"column":24},"end":{"line":85,"column":49},"skip":true},"20":{"start":{"line":89,"column":12},"end":{"line":107,"column":13},"skip":true},"21":{"start":{"line":92,"column":16},"end":{"line":102,"column":17},"skip":true},"22":{"start":{"line":93,"column":20},"end":{"line":93,"column":86},"skip":true},"23":{"start":{"line":94,"column":20},"end":{"line":95,"column":45},"skip":true},"24":{"start":{"line":96,"column":20},"end":{"line":96,"column":42},"skip":true},"25":{"start":{"line":97,"column":20},"end":{"line":97,"column":48},"skip":true},"26":{"start":{"line":100,"column":20},"end":{"line":100,"column":85},"skip":true},"27":{"start":{"line":101,"column":20},"end":{"line":101,"column":96},"skip":true},"28":{"start":{"line":103,"column":16},"end":{"line":103,"column":22},"skip":true},"29":{"start":{"line":106,"column":16},"end":{"line":106,"column":22},"skip":true},"30":{"start":{"line":108,"column":12},"end":{"line":120,"column":13},"skip":true},"31":{"start":{"line":114,"column":16},"end":{"line":119,"column":17},"skip":true},"32":{"start":{"line":116,"column":20},"end":{"line":116,"column":78},"skip":true},"33":{"start":{"line":118,"column":20},"end":{"line":118,"column":53},"skip":true},"34":{"start":{"line":123,"column":8},"end":{"line":141,"column":11},"skip":true},"35":{"start":{"line":124,"column":12},"end":{"line":124,"column":54},"skip":true},"36":{"start":{"line":125,"column":12},"end":{"line":140,"column":14},"skip":true},"37":{"start":{"line":126,"column":16},"end":{"line":126,"column":28},"skip":true},"38":{"start":{"line":127,"column":16},"end":{"line":127,"column":69},"skip":true},"39":{"start":{"line":128,"column":16},"end":{"line":128,"column":75},"skip":true},"40":{"start":{"line":129,"column":16},"end":{"line":131,"column":17},"skip":true},"41":{"start":{"line":130,"column":20},"end":{"line":130,"column":27},"skip":true},"42":{"start":{"line":133,"column":16},"end":{"line":137,"column":36},"skip":true},"43":{"start":{"line":134,"column":20},"end":{"line":136,"column":55},"skip":true},"44":{"start":{"line":139,"column":16},"end":{"line":139,"column":57},"skip":true},"45":{"start":{"line":143,"column":8},"end":{"line":147,"column":11},"skip":true},"46":{"start":{"line":144,"column":12},"end":{"line":146,"column":15},"skip":true},"47":{"start":{"line":145,"column":16},"end":{"line":145,"column":70},"skip":true},"48":{"start":{"line":149,"column":8},"end":{"line":149,"column":31},"skip":true},"49":{"start":{"line":150,"column":8},"end":{"line":150,"column":14},"skip":true},"50":{"start":{"line":158,"column":8},"end":{"line":158,"column":31},"skip":true},"51":{"start":{"line":160,"column":8},"end":{"line":160,"column":33},"skip":true},"52":{"start":{"line":161,"column":8},"end":{"line":161,"column":37},"skip":true},"53":{"start":{"line":162,"column":8},"end":{"line":162,"column":35},"skip":true},"54":{"start":{"line":164,"column":8},"end":{"line":164,"column":50},"skip":true},"55":{"start":{"line":166,"column":8},"end":{"line":256,"column":2},"skip":true},"56":{"start":{"line":258,"column":8},"end":{"line":286,"column":9},"skip":true},"57":{"start":{"line":259,"column":12},"end":{"line":269,"column":14},"skip":true},"58":{"start":{"line":271,"column":12},"end":{"line":285,"column":19},"skip":true},"59":{"start":{"line":274,"column":20},"end":{"line":274,"column":35},"skip":true},"60":{"start":{"line":275,"column":20},"end":{"line":284,"column":21},"skip":true},"61":{"start":{"line":277,"column":24},"end":{"line":277,"column":64},"skip":true},"62":{"start":{"line":279,"column":24},"end":{"line":279,"column":40},"skip":true},"63":{"start":{"line":281,"column":24},"end":{"line":281,"column":40},"skip":true},"64":{"start":{"line":283,"column":24},"end":{"line":283,"column":39},"skip":true},"65":{"start":{"line":288,"column":8},"end":{"line":290,"column":9},"skip":true},"66":{"start":{"line":289,"column":12},"end":{"line":289,"column":18},"skip":true},"67":{"start":{"line":291,"column":8},"end":{"line":293,"column":54},"skip":true},"68":{"start":{"line":294,"column":8},"end":{"line":301,"column":37},"skip":true},"69":{"start":{"line":302,"column":8},"end":{"line":302,"column":82},"skip":true},"70":{"start":{"line":305,"column":8},"end":{"line":307,"column":9},"skip":true},"71":{"start":{"line":306,"column":12},"end":{"line":306,"column":82},"skip":true},"72":{"start":{"line":309,"column":8},"end":{"line":311,"column":9},"skip":true},"73":{"start":{"line":310,"column":12},"end":{"line":310,"column":18},"skip":true},"74":{"start":{"line":312,"column":8},"end":{"line":312,"column":54},"skip":true},"75":{"start":{"line":313,"column":8},"end":{"line":313,"column":69},"skip":true},"76":{"start":{"line":314,"column":8},"end":{"line":322,"column":36},"skip":true},"77":{"start":{"line":315,"column":12},"end":{"line":315,"column":61},"skip":true},"78":{"start":{"line":316,"column":12},"end":{"line":319,"column":13},"skip":true},"79":{"start":{"line":317,"column":16},"end":{"line":317,"column":75},"skip":true},"80":{"start":{"line":318,"column":16},"end":{"line":318,"column":23},"skip":true},"81":{"start":{"line":320,"column":12},"end":{"line":320,"column":38},"skip":true},"82":{"start":{"line":321,"column":12},"end":{"line":321,"column":27},"skip":true},"83":{"start":{"line":323,"column":8},"end":{"line":323,"column":14},"skip":true}},"branchMap":{"1":{"line":39,"type":"binary-expr","locations":[{"start":{"line":39,"column":23},"end":{"line":39,"column":62}},{"start":{"line":40,"column":20},"end":{"line":40,"column":70}},{"start":{"line":41,"column":20},"end":{"line":41,"column":71}},{"start":{"line":42,"column":20},"end":{"line":42,"column":29}}]},"2":{"line":44,"type":"binary-expr","locations":[{"start":{"line":44,"column":23},"end":{"line":44,"column":37}},{"start":{"line":45,"column":20},"end":{"line":45,"column":61}},{"start":{"line":46,"column":20},"end":{"line":46,"column":70}},{"start":{"line":47,"column":20},"end":{"line":47,"column":26}}]},"3":{"line":51,"type":"cond-expr","locations":[{"start":{"line":52,"column":14},"end":{"line":52,"column":20}},{"start":{"line":53,"column":14},"end":{"line":53,"column":20}}]},"4":{"line":55,"type":"binary-expr","locations":[{"start":{"line":55,"column":16},"end":{"line":55,"column":44}},{"start":{"line":55,"column":49},"end":{"line":57,"column":43}}]},"5":{"line":55,"type":"cond-expr","locations":[{"start":{"line":56,"column":14},"end":{"line":56,"column":49}},{"start":{"line":57,"column":14},"end":{"line":57,"column":43}}]},"6":{"line":61,"type":"switch","locations":[{"start":{"line":68,"column":4},"end":{"line":150,"column":14},"skip":true},{"start":{"line":156,"column":4},"end":{"line":323,"column":14},"skip":true}]},"7":{"line":70,"type":"if","locations":[{"start":{"line":70,"column":12},"end":{"line":70,"column":12},"skip":true},{"start":{"line":70,"column":12},"end":{"line":70,"column":12},"skip":true}]},"8":{"line":70,"type":"binary-expr","locations":[{"start":{"line":70,"column":16},"end":{"line":70,"column":22},"skip":true},{"start":{"line":70,"column":27},"end":{"line":70,"column":32},"skip":true},{"start":{"line":71,"column":20},"end":{"line":71,"column":39},"skip":true},{"start":{"line":72,"column":20},"end":{"line":72,"column":49},"skip":true},{"start":{"line":73,"column":20},"end":{"line":73,"column":58},"skip":true},{"start":{"line":74,"column":20},"end":{"line":74,"column":69},"skip":true}]},"9":{"line":79,"type":"switch","locations":[{"start":{"line":80,"column":20},"end":{"line":80,"column":33},"skip":true},{"start":{"line":81,"column":20},"end":{"line":83,"column":30},"skip":true},{"start":{"line":84,"column":20},"end":{"line":85,"column":49},"skip":true}]},"10":{"line":89,"type":"switch","locations":[{"start":{"line":90,"column":12},"end":{"line":103,"column":22},"skip":true},{"start":{"line":105,"column":12},"end":{"line":106,"column":22},"skip":true}]},"11":{"line":89,"type":"binary-expr","locations":[{"start":{"line":89,"column":20},"end":{"line":89,"column":25},"skip":true},{"start":{"line":89,"column":29},"end":{"line":89,"column":48},"skip":true},{"start":{"line":89,"column":52},"end":{"line":89,"column":74},"skip":true}]},"12":{"line":92,"type":"if","locations":[{"start":{"line":92,"column":16},"end":{"line":92,"column":16},"skip":true},{"start":{"line":92,"column":16},"end":{"line":92,"column":16},"skip":true}]},"13":{"line":108,"type":"if","locations":[{"start":{"line":108,"column":12},"end":{"line":108,"column":12},"skip":true},{"start":{"line":108,"column":12},"end":{"line":108,"column":12},"skip":true}]},"14":{"line":108,"type":"binary-expr","locations":[{"start":{"line":108,"column":16},"end":{"line":108,"column":61},"skip":true},{"start":{"line":108,"column":66},"end":{"line":108,"column":72},"skip":true},{"start":{"line":108,"column":77},"end":{"line":108,"column":82},"skip":true},{"start":{"line":109,"column":20},"end":{"line":109,"column":39},"skip":true},{"start":{"line":110,"column":20},"end":{"line":110,"column":49},"skip":true},{"start":{"line":111,"column":20},"end":{"line":111,"column":58},"skip":true},{"start":{"line":112,"column":20},"end":{"line":112,"column":68},"skip":true}]},"15":{"line":129,"type":"if","locations":[{"start":{"line":129,"column":16},"end":{"line":129,"column":16},"skip":true},{"start":{"line":129,"column":16},"end":{"line":129,"column":16},"skip":true}]},"16":{"line":134,"type":"cond-expr","locations":[{"start":{"line":135,"column":26},"end":{"line":135,"column":29},"skip":true},{"start":{"line":136,"column":26},"end":{"line":136,"column":54},"skip":true}]},"17":{"line":164,"type":"binary-expr","locations":[{"start":{"line":164,"column":27},"end":{"line":164,"column":43},"skip":true},{"start":{"line":164,"column":47},"end":{"line":164,"column":49},"skip":true}]},"18":{"line":258,"type":"if","locations":[{"start":{"line":258,"column":8},"end":{"line":258,"column":8},"skip":true},{"start":{"line":258,"column":8},"end":{"line":258,"column":8},"skip":true}]},"19":{"line":275,"type":"switch","locations":[{"start":{"line":276,"column":20},"end":{"line":277,"column":64},"skip":true},{"start":{"line":278,"column":20},"end":{"line":279,"column":40},"skip":true},{"start":{"line":280,"column":20},"end":{"line":281,"column":40},"skip":true},{"start":{"line":282,"column":20},"end":{"line":283,"column":39},"skip":true}]},"20":{"line":288,"type":"if","locations":[{"start":{"line":288,"column":8},"end":{"line":288,"column":8},"skip":true},{"start":{"line":288,"column":8},"end":{"line":288,"column":8},"skip":true}]},"21":{"line":288,"type":"binary-expr","locations":[{"start":{"line":288,"column":12},"end":{"line":288,"column":40},"skip":true},{"start":{"line":288,"column":44},"end":{"line":288,"column":67},"skip":true}]},"22":{"line":292,"type":"binary-expr","locations":[{"start":{"line":292,"column":12},"end":{"line":292,"column":50},"skip":true},{"start":{"line":293,"column":12},"end":{"line":293,"column":53},"skip":true}]},"23":{"line":295,"type":"binary-expr","locations":[{"start":{"line":295,"column":12},"end":{"line":295,"column":63},"skip":true},{"start":{"line":296,"column":12},"end":{"line":301,"column":36},"skip":true}]},"24":{"line":302,"type":"binary-expr","locations":[{"start":{"line":302,"column":43},"end":{"line":302,"column":75},"skip":true},{"start":{"line":302,"column":79},"end":{"line":302,"column":81},"skip":true}]},"25":{"line":305,"type":"if","locations":[{"start":{"line":305,"column":8},"end":{"line":305,"column":8},"skip":true},{"start":{"line":305,"column":8},"end":{"line":305,"column":8},"skip":true}]},"26":{"line":309,"type":"if","locations":[{"start":{"line":309,"column":8},"end":{"line":309,"column":8},"skip":true},{"start":{"line":309,"column":8},"end":{"line":309,"column":8},"skip":true}]},"27":{"line":312,"type":"binary-expr","locations":[{"start":{"line":312,"column":27},"end":{"line":312,"column":43},"skip":true},{"start":{"line":312,"column":47},"end":{"line":312,"column":53},"skip":true}]},"28":{"line":316,"type":"if","locations":[{"start":{"line":316,"column":12},"end":{"line":316,"column":12},"skip":true},{"start":{"line":316,"column":12},"end":{"line":316,"column":12},"skip":true}]}},"code":["/*","example.js","","quickstart example","","instruction","    1. save this script as example.js","    2. run the shell command:","        $ npm install npmtest-yargs && PORT=8081 node example.js","    3. play with the browser-demo on http://127.0.0.1:8081","*/","","","","/* istanbul instrument in package npmtest_yargs */","/*jslint","    bitwise: true,","    browser: true,","    maxerr: 8,","    maxlen: 96,","    node: true,","    nomen: true,","    regexp: true,","    stupid: true","*/","(function () {","    'use strict';","    var local;","","","","    // run shared js-env code - pre-init","    (function () {","        // init local","        local = {};","        // init modeJs","        local.modeJs = (function () {","            try {","                return typeof navigator.userAgent === 'string' &&","                    typeof document.querySelector('body') === 'object' &&","                    typeof XMLHttpRequest.prototype.open === 'function' &&","                    'browser';","            } catch (errorCaughtBrowser) {","                return module.exports &&","                    typeof process.versions.node === 'string' &&","                    typeof require('http').createServer === 'function' &&","                    'node';","            }","        }());","        // init global","        local.global = local.modeJs === 'browser'","            ? window","            : global;","        // init utility2_rollup","        local = local.global.utility2_rollup || (local.modeJs === 'browser'","            ? local.global.utility2_npmtest_yargs","            : global.utility2_moduleExports);","        // export local","        local.global.local = local;","    }());","    switch (local.modeJs) {","","","","    // post-init","    // run browser js-env code - post-init","    /* istanbul ignore next */","    case 'browser':","        local.testRunBrowser = function (event) {","            if (!event || (event &&","                    event.currentTarget &&","                    event.currentTarget.className &&","                    event.currentTarget.className.includes &&","                    event.currentTarget.className.includes('onreset'))) {","                // reset output","                Array.from(","                    document.querySelectorAll('body > .resettable')","                ).forEach(function (element) {","                    switch (element.tagName) {","                    case 'INPUT':","                    case 'TEXTAREA':","                        element.value = '';","                        break;","                    default:","                        element.textContent = '';","                    }","                });","            }","            switch (event && event.currentTarget && event.currentTarget.id) {","            case 'testRunButton1':","                // show tests","                if (document.querySelector('#testReportDiv1').style.display === 'none') {","                    document.querySelector('#testReportDiv1').style.display = 'block';","                    document.querySelector('#testRunButton1').textContent =","                        'hide internal test';","                    local.modeTest = true;","                    local.testRunDefault(local);","                // hide tests","                } else {","                    document.querySelector('#testReportDiv1').style.display = 'none';","                    document.querySelector('#testRunButton1').textContent = 'run internal test';","                }","                break;","            // custom-case","            default:","                break;","            }","            if (document.querySelector('#inputTextareaEval1') && (!event || (event &&","                    event.currentTarget &&","                    event.currentTarget.className &&","                    event.currentTarget.className.includes &&","                    event.currentTarget.className.includes('oneval')))) {","                // try to eval input-code","                try {","                    /*jslint evil: true*/","                    eval(document.querySelector('#inputTextareaEval1').value);","                } catch (errorCaught) {","                    console.error(errorCaught.stack);","                }","            }","        };","        // log stderr and stdout to #outputTextareaStdout1","        ['error', 'log'].forEach(function (key) {","            console[key + '_original'] = console[key];","            console[key] = function () {","                var element;","                console[key + '_original'].apply(console, arguments);","                element = document.querySelector('#outputTextareaStdout1');","                if (!element) {","                    return;","                }","                // append text to #outputTextareaStdout1","                element.value += Array.from(arguments).map(function (arg) {","                    return typeof arg === 'string'","                        ? arg","                        : JSON.stringify(arg, null, 4);","                }).join(' ') + '\\n';","                // scroll textarea to bottom","                element.scrollTop = element.scrollHeight;","            };","        });","        // init event-handling","        ['change', 'click', 'keyup'].forEach(function (event) {","            Array.from(document.querySelectorAll('.on' + event)).forEach(function (element) {","                element.addEventListener(event, local.testRunBrowser);","            });","        });","        // run tests","        local.testRunBrowser();","        break;","","","","    // run node js-env code - post-init","    /* istanbul ignore next */","    case 'node':","        // export local","        module.exports = local;","        // require modules","        local.fs = require('fs');","        local.http = require('http');","        local.url = require('url');","        // init assets","        local.assetsDict = local.assetsDict || {};","        /* jslint-ignore-begin */","        local.assetsDict['/assets.index.template.html'] = '\\","<!doctype html>\\n\\","<html lang=\"en\">\\n\\","<head>\\n\\","<meta charset=\"UTF-8\">\\n\\","<meta name=\"viewport\" content=\"width=device-width, initial-scale=1\">\\n\\","<title>{{env.npm_package_name}} (v{{env.npm_package_version}})</title>\\n\\","<style>\\n\\","/*csslint\\n\\","    box-sizing: false,\\n\\","    universal-selector: false\\n\\","*/\\n\\","* {\\n\\","    box-sizing: border-box;\\n\\","}\\n\\","body {\\n\\","    background: #dde;\\n\\","    font-family: Arial, Helvetica, sans-serif;\\n\\","    margin: 2rem;\\n\\","}\\n\\","body > * {\\n\\","    margin-bottom: 1rem;\\n\\","}\\n\\",".utility2FooterDiv {\\n\\","    margin-top: 20px;\\n\\","    text-align: center;\\n\\","}\\n\\","</style>\\n\\","<style>\\n\\","/*csslint\\n\\","*/\\n\\","textarea {\\n\\","    font-family: monospace;\\n\\","    height: 10rem;\\n\\","    width: 100%;\\n\\","}\\n\\","textarea[readonly] {\\n\\","    background: #ddd;\\n\\","}\\n\\","</style>\\n\\","</head>\\n\\","<body>\\n\\","<!-- utility2-comment\\n\\","<div id=\"ajaxProgressDiv1\" style=\"background: #d00; height: 2px; left: 0; margin: 0; padding: 0; position: fixed; top: 0; transition: background 0.5s, width 1.5s; width: 25%;\"></div>\\n\\","utility2-comment -->\\n\\","<h1>\\n\\","<!-- utility2-comment\\n\\","    <a\\n\\","        {{#if env.npm_package_homepage}}\\n\\","        href=\"{{env.npm_package_homepage}}\"\\n\\","        {{/if env.npm_package_homepage}}\\n\\","        target=\"_blank\"\\n\\","    >\\n\\","utility2-comment -->\\n\\","        {{env.npm_package_name}} (v{{env.npm_package_version}})\\n\\","<!-- utility2-comment\\n\\","    </a>\\n\\","utility2-comment -->\\n\\","</h1>\\n\\","<h3>{{env.npm_package_description}}</h3>\\n\\","<!-- utility2-comment\\n\\","<h4><a download href=\"assets.app.js\">download standalone app</a></h4>\\n\\","<button class=\"onclick onreset\" id=\"testRunButton1\">run internal test</button><br>\\n\\","<div id=\"testReportDiv1\" style=\"display: none;\"></div>\\n\\","utility2-comment -->\\n\\","\\n\\","\\n\\","\\n\\","<label>stderr and stdout</label>\\n\\","<textarea class=\"resettable\" id=\"outputTextareaStdout1\" readonly></textarea>\\n\\","<!-- utility2-comment\\n\\","{{#if isRollup}}\\n\\","<script src=\"assets.app.js\"></script>\\n\\","{{#unless isRollup}}\\n\\","utility2-comment -->\\n\\","<script src=\"assets.utility2.rollup.js\"></script>\\n\\","<script src=\"jsonp.utility2._stateInit?callback=window.utility2._stateInit\"></script>\\n\\","<script src=\"assets.npmtest_yargs.rollup.js\"></script>\\n\\","<script src=\"assets.example.js\"></script>\\n\\","<script src=\"assets.test.js\"></script>\\n\\","<!-- utility2-comment\\n\\","{{/if isRollup}}\\n\\","utility2-comment -->\\n\\","<div class=\"utility2FooterDiv\">\\n\\","    [ this app was created with\\n\\","    <a href=\"https://github.com/kaizhu256/node-utility2\" target=\"_blank\">utility2</a>\\n\\","    ]\\n\\","</div>\\n\\","</body>\\n\\","</html>\\n\\","';","        /* jslint-ignore-end */","        if (local.templateRender) {","            local.assetsDict['/'] = local.templateRender(","                local.assetsDict['/assets.index.template.html'],","                {","                    env: local.objectSetDefault(local.env, {","                        npm_package_description: 'the greatest app in the world!',","                        npm_package_name: 'my-app',","                        npm_package_nameAlias: 'my_app',","                        npm_package_version: '0.0.1'","                    })","                }","            );","        } else {","            local.assetsDict['/'] = local.assetsDict['/assets.index.template.html']","                .replace((/\\{\\{env\\.(\\w+?)\\}\\}/g), function (match0, match1) {","                    // jslint-hack","                    String(match0);","                    switch (match1) {","                    case 'npm_package_description':","                        return 'the greatest app in the world!';","                    case 'npm_package_name':","                        return 'my-app';","                    case 'npm_package_nameAlias':","                        return 'my_app';","                    case 'npm_package_version':","                        return '0.0.1';","                    }","                });","        }","        // run the cli","        if (local.global.utility2_rollup || module !== require.main) {","            break;","        }","        local.assetsDict['/assets.example.js'] =","            local.assetsDict['/assets.example.js'] ||","            local.fs.readFileSync(__filename, 'utf8');","        local.assetsDict['/assets.npmtest_yargs.rollup.js'] =","            local.assetsDict['/assets.npmtest_yargs.rollup.js'] ||","            local.fs.readFileSync(","                // buildCustomOrg-hack","                local.npmtest_yargs.__dirname +","                    '/lib.npmtest_yargs.js',","                'utf8'","            ).replace((/^#!/), '//');","        local.assetsDict['/favicon.ico'] = local.assetsDict['/favicon.ico'] || '';","        // if $npm_config_timeout_exit exists,","        // then exit this process after $npm_config_timeout_exit ms","        if (Number(process.env.npm_config_timeout_exit)) {","            setTimeout(process.exit, Number(process.env.npm_config_timeout_exit));","        }","        // start server","        if (local.global.utility2_serverHttp1) {","            break;","        }","        process.env.PORT = process.env.PORT || '8081';","        console.error('server starting on port ' + process.env.PORT);","        local.http.createServer(function (request, response) {","            request.urlParsed = local.url.parse(request.url);","            if (local.assetsDict[request.urlParsed.pathname] !== undefined) {","                response.end(local.assetsDict[request.urlParsed.pathname]);","                return;","            }","            response.statusCode = 404;","            response.end();","        }).listen(process.env.PORT);","        break;","    }","}());",""],"l":{"26":2,"28":2,"33":2,"35":2,"37":2,"38":2,"39":2,"44":1,"51":2,"55":2,"59":2,"61":2,"69":1,"70":2,"76":2,"79":2,"82":2,"83":2,"85":1,"89":2,"92":1,"93":1,"94":1,"96":1,"97":1,"100":1,"101":1,"103":1,"106":1,"108":2,"114":1,"116":1,"118":1,"123":1,"124":2,"125":2,"126":2,"127":2,"128":2,"129":2,"130":1,"133":2,"134":2,"139":2,"143":1,"144":3,"145":1,"149":1,"150":1,"158":1,"160":1,"161":1,"162":1,"164":1,"166":1,"258":1,"259":1,"271":1,"274":6,"275":6,"277":1,"279":2,"281":1,"283":2,"288":1,"289":1,"291":1,"294":1,"302":1,"305":1,"306":1,"309":1,"310":1,"312":1,"313":1,"314":1,"315":1,"316":1,"317":1,"318":1,"320":1,"321":1,"323":1}},"/home/travis/build/npmtest/node-npmtest-yargs/yargs/index.js":{"path":"/home/travis/build/npmtest/node-npmtest-yargs/yargs/index.js","s":{"1":1,"2":1,"3":1,"4":1,"5":1,"6":1,"7":1,"8":1,"9":1,"10":79,"11":1,"12":78},"b":{"1":[1,78],"2":[76,2]},"f":{"1":1,"2":1,"3":79},"fnMap":{"1":{"name":"Argv","line":10,"loc":{"start":{"line":10,"column":0},"end":{"line":10,"column":33}}},"2":{"name":"singletonify","line":23,"loc":{"start":{"line":23,"column":0},"end":{"line":23,"column":29}}},"3":{"name":"(anonymous_3)","line":24,"loc":{"start":{"line":24,"column":28},"end":{"line":24,"column":43}}}},"statementMap":{"1":{"start":{"line":4,"column":0},"end":{"line":4,"column":32}},"2":{"start":{"line":6,"column":0},"end":{"line":6,"column":27}},"3":{"start":{"line":8,"column":0},"end":{"line":8,"column":21}},"4":{"start":{"line":10,"column":0},"end":{"line":14,"column":1}},"5":{"start":{"line":11,"column":2},"end":{"line":11,"column":47}},"6":{"start":{"line":12,"column":2},"end":{"line":12,"column":20}},"7":{"start":{"line":13,"column":2},"end":{"line":13,"column":13}},"8":{"start":{"line":23,"column":0},"end":{"line":31,"column":1}},"9":{"start":{"line":24,"column":2},"end":{"line":30,"column":4}},"10":{"start":{"line":25,"column":4},"end":{"line":29,"column":5}},"11":{"start":{"line":26,"column":6},"end":{"line":26,"column":60}},"12":{"start":{"line":28,"column":6},"end":{"line":28,"column":84}}},"branchMap":{"1":{"line":25,"type":"if","locations":[{"start":{"line":25,"column":4},"end":{"line":25,"column":4}},{"start":{"line":25,"column":4},"end":{"line":25,"column":4}}]},"2":{"line":28,"type":"cond-expr","locations":[{"start":{"line":28,"column":52},"end":{"line":28,"column":72}},{"start":{"line":28,"column":75},"end":{"line":28,"column":84}}]}},"code":["// classic singleton yargs API, to use yargs","// without running as a singleton do:","// require('yargs/yargs')(process.argv.slice(2))","const yargs = require('./yargs')","","Argv(process.argv.slice(2))","","module.exports = Argv","","function Argv (processArgs, cwd) {","  const argv = yargs(processArgs, cwd, require)","  singletonify(argv)","  return argv","}","","/*  Hack an instance of Argv with process.argv into Argv","    so people can do","    require('yargs')(['--beeble=1','-z','zizzle']).argv","    to parse a list of args and","    require('yargs').argv","    to get a parsed version of process.argv.","*/","function singletonify (inst) {","  Object.keys(inst).forEach(function (key) {","    if (key === 'argv') {","      Argv.__defineGetter__(key, inst.__lookupGetter__(key))","    } else {","      Argv[key] = typeof inst[key] === 'function' ? inst[key].bind(inst) : inst[key]","    }","  })","}",""],"l":{"4":1,"6":1,"8":1,"10":1,"11":1,"12":1,"13":1,"23":1,"24":1,"25":79,"26":1,"28":78}},"/home/travis/build/npmtest/node-npmtest-yargs/yargs/yargs.js":{"path":"/home/travis/build/npmtest/node-npmtest-yargs/yargs/yargs.js","s":{"1":1,"2":1,"3":1,"4":1,"5":1,"6":1,"7":1,"8":1,"9":1,"10":1,"11":1,"12":1,"13":1,"14":1,"15":1,"16":1,"17":1,"18":1,"19":1,"20":1,"21":1,"22":1,"23":1,"24":1,"25":1,"26":1,"27":1,"28":1,"29":2,"30":1,"31":1,"32":1,"33":1,"34":0,"35":1,"36":1,"37":0,"38":1,"39":1,"40":1,"41":1,"42":1,"43":1,"44":1,"45":1,"46":1,"47":1,"48":0,"49":0,"50":0,"51":1,"52":0,"53":0,"54":0,"55":0,"56":0,"57":1,"58":1,"59":1,"60":1,"61":8,"62":0,"63":1,"64":10,"65":0,"66":1,"67":1,"68":1,"69":1,"70":1,"71":1,"72":1,"73":1,"74":1,"75":1,"76":1,"77":1,"78":1,"79":1,"80":1,"81":1,"82":1,"83":1,"84":0,"85":0,"86":0,"87":0,"88":0,"89":0,"90":0,"91":0,"92":0,"93":0,"94":0,"95":0,"96":0,"97":0,"98":1,"99":0,"100":0,"101":0,"102":0,"103":0,"104":0,"105":0,"106":0,"107":0,"108":0,"109":0,"110":0,"111":0,"112":0,"113":0,"114":0,"115":1,"116":0,"117":0,"118":0,"119":1,"120":0,"121":0,"122":0,"123":1,"124":0,"125":0,"126":0,"127":1,"128":0,"129":0,"130":0,"131":1,"132":0,"133":0,"134":0,"135":1,"136":0,"137":0,"138":0,"139":1,"140":0,"141":0,"142":0,"143":1,"144":0,"145":0,"146":0,"147":1,"148":0,"149":0,"150":0,"151":1,"152":0,"153":0,"154":0,"155":1,"156":0,"157":0,"158":0,"159":1,"160":0,"161":0,"162":0,"163":1,"164":0,"165":0,"166":0,"167":0,"168":0,"169":0,"170":0,"171":0,"172":0,"173":1,"174":0,"175":0,"176":0,"177":0,"178":1,"179":0,"180":0,"181":0,"182":1,"183":0,"184":0,"185":0,"186":1,"187":0,"188":0,"189":0,"190":0,"191":0,"192":0,"193":0,"194":0,"195":0,"196":0,"197":0,"198":1,"199":0,"200":0,"201":0,"202":0,"203":0,"204":0,"205":0,"206":0,"207":0,"208":0,"209":0,"210":0,"211":0,"212":1,"213":0,"214":0,"215":0,"216":1,"217":0,"218":0,"219":0,"220":1,"221":0,"222":0,"223":0,"224":0,"225":1,"226":0,"227":0,"228":0,"229":0,"230":0,"231":0,"232":0,"233":0,"234":0,"235":0,"236":0,"237":0,"238":0,"239":0,"240":0,"241":0,"242":0,"243":1,"244":0,"245":0,"246":0,"247":0,"248":0,"249":0,"250":0,"251":0,"252":0,"253":1,"254":0,"255":0,"256":1,"257":0,"258":0,"259":1,"260":0,"261":0,"262":0,"263":1,"264":0,"265":0,"266":0,"267":1,"268":0,"269":0,"270":0,"271":0,"272":0,"273":0,"274":0,"275":0,"276":1,"277":0,"278":0,"279":0,"280":1,"281":0,"282":0,"283":0,"284":1,"285":0,"286":0,"287":0,"288":1,"289":0,"290":0,"291":0,"292":0,"293":0,"294":0,"295":0,"296":0,"297":0,"298":1,"299":0,"300":0,"301":0,"302":0,"303":0,"304":0,"305":0,"306":1,"307":1,"308":0,"309":0,"310":0,"311":0,"312":0,"313":0,"314":0,"315":0,"316":0,"317":1,"318":1,"319":1,"320":0,"321":0,"322":0,"323":0,"324":0,"325":0,"326":0,"327":0,"328":0,"329":0,"330":0,"331":0,"332":0,"333":0,"334":0,"335":0,"336":0,"337":1,"338":0,"339":1,"340":0,"341":1,"342":0,"343":0,"344":0,"345":0,"346":0,"347":0,"348":0,"349":0,"350":0,"351":0,"352":0,"353":0,"354":0,"355":0,"356":0,"357":0,"358":0,"359":0,"360":0,"361":0,"362":0,"363":0,"364":0,"365":0,"366":0,"367":0,"368":0,"369":0,"370":0,"371":0,"372":0,"373":0,"374":0,"375":0,"376":0,"377":0,"378":0,"379":0,"380":0,"381":0,"382":0,"383":0,"384":0,"385":0,"386":0,"387":0,"388":0,"389":0,"390":0,"391":0,"392":0,"393":0,"394":0,"395":0,"396":0,"397":0,"398":0,"399":0,"400":0,"401":0,"402":0,"403":0,"404":1,"405":0,"406":1,"407":0,"408":0,"409":0,"410":0,"411":0,"412":0,"413":0,"414":0,"415":0,"416":0,"417":1,"418":0,"419":1,"420":0,"421":0,"422":0,"423":0,"424":0,"425":1,"426":0,"427":0,"428":0,"429":1,"430":1,"431":1,"432":0,"433":0,"434":0,"435":0,"436":1,"437":0,"438":1,"439":0,"440":0,"441":0,"442":0,"443":0,"444":1,"445":1,"446":0,"447":0,"448":0,"449":0,"450":0,"451":0,"452":0,"453":0,"454":0,"455":0,"456":0,"457":0,"458":0,"459":0,"460":0,"461":0,"462":1,"463":0,"464":0,"465":1,"466":1,"467":1,"468":0,"469":0,"470":0,"471":0,"472":0,"473":0,"474":0,"475":0,"476":0,"477":0,"478":0,"479":0,"480":0,"481":0,"482":0,"483":0,"484":0,"485":0,"486":1,"487":0,"488":0,"489":0,"490":1,"491":1,"492":0,"493":0,"494":0,"495":0,"496":0,"497":1,"498":0,"499":1,"500":1,"501":0,"502":0,"503":0,"504":0,"505":0,"506":0,"507":0,"508":0,"509":0,"510":0,"511":0,"512":1,"513":0,"514":0,"515":0,"516":0,"517":1,"518":0,"519":0,"520":1,"521":0,"522":0,"523":0,"524":0,"525":0,"526":0,"527":0,"528":1,"529":0,"530":0,"531":0,"532":0,"533":1,"534":1,"535":0,"536":0,"537":0,"538":1,"539":0,"540":1,"541":1,"542":1,"543":0,"544":0,"545":0,"546":0,"547":1,"548":0,"549":0,"550":0,"551":0,"552":0,"553":0,"554":0,"555":0,"556":0,"557":0,"558":0,"559":0,"560":0,"561":0,"562":0,"563":0,"564":0,"565":0,"566":1,"567":0,"568":1,"569":0,"570":1,"571":0,"572":1,"573":1,"574":0,"575":0,"576":0,"577":1,"578":0,"579":1,"580":0,"581":1,"582":0,"583":1,"584":0,"585":0,"586":1,"587":0,"588":1,"589":0,"590":0,"591":0,"592":0,"593":0,"594":0,"595":0,"596":0,"597":0,"598":0,"599":0,"600":0,"601":0,"602":0,"603":0,"604":0,"605":0,"606":0,"607":0,"608":0,"609":0,"610":0,"611":0,"612":0,"613":0,"614":0,"615":0,"616":0,"617":0,"618":0,"619":0,"620":0,"621":0,"622":0,"623":0,"624":0,"625":0,"626":0,"627":0,"628":0,"629":0,"630":0,"631":0,"632":0,"633":0,"634":0,"635":0,"636":0,"637":0,"638":0,"639":0,"640":0,"641":0,"642":0,"643":0,"644":0,"645":0,"646":0,"647":0,"648":0,"649":0,"650":0,"651":0,"652":0,"653":0,"654":0,"655":0,"656":0,"657":0,"658":0,"659":0,"660":0,"661":0,"662":0,"663":0,"664":0,"665":0,"666":0,"667":0,"668":0,"669":0,"670":0,"671":0,"672":1,"673":0,"674":0,"675":0,"676":0,"677":0,"678":0,"679":0,"680":0,"681":0,"682":0,"683":0,"684":1,"685":0,"686":0,"687":0,"688":0,"689":0,"690":1,"691":0,"692":0,"693":0,"694":0,"695":0,"696":0,"697":1,"698":1,"699":1,"700":1},"b":{"1":[1,0],"2":[1,0],"3":[1,1],"4":[2,1],"5":[1,0],"6":[1,1],"7":[0,1],"8":[1,1],"9":[1,1],"10":[1,1],"11":[0,1],"12":[0,1],"13":[0,0],"14":[0,0],"15":[8,8],"16":[0,1],"17":[0,1],"18":[0,1],"19":[1,0],"20":[1,0],"21":[0,0],"22":[0,0],"23":[0,0],"24":[0,0],"25":[0,0],"26":[0,0],"27":[0,0],"28":[0,0],"29":[0,0],"30":[0,0],"31":[0,0],"32":[0,0],"33":[0,0],"34":[0,0],"35":[0,0],"36":[0,0],"37":[0,0],"38":[0,0],"39":[0,0],"40":[0,0],"41":[0,0],"42":[0,0],"43":[0,0],"44":[0,0],"45":[0,0],"46":[0,0],"47":[0,0],"48":[0,0],"49":[0,0],"50":[0,0],"51":[0,0],"52":[0,0],"53":[0,0],"54":[0,0],"55":[0,0],"56":[0,0],"57":[0,0],"58":[0,0],"59":[0,0],"60":[0,0],"61":[0,0],"62":[0,0],"63":[0,0],"64":[0,0],"65":[0,0],"66":[0,0],"67":[0,0],"68":[0,0],"69":[0,0,0],"70":[0,0],"71":[0,0],"72":[0,0],"73":[0,0],"74":[0,0],"75":[0,0],"76":[0,0],"77":[0,0],"78":[0,0],"79":[0,0],"80":[0,0],"81":[0,0],"82":[0,0],"83":[0,0],"84":[0,0],"85":[0,0],"86":[0,0],"87":[0,0],"88":[0,0],"89":[0,0],"90":[0,0],"91":[0,0],"92":[0,0],"93":[0,0],"94":[0,0],"95":[0,0],"96":[0,0],"97":[0,0],"98":[0,0],"99":[0,0,0],"100":[0,0],"101":[0,0],"102":[0,0],"103":[0,0],"104":[0,0],"105":[0,0],"106":[0,0],"107":[0,0],"108":[0,0],"109":[0,0],"110":[0,0],"111":[0,0],"112":[0,0],"113":[0,0],"114":[0,0],"115":[0,0],"116":[0,0],"117":[0,0],"118":[0,0],"119":[0,0],"120":[0,0],"121":[0,0],"122":[0,0],"123":[0,0],"124":[0,0],"125":[0,0],"126":[0,0],"127":[0,0],"128":[0,0],"129":[0,0],"130":[0,0],"131":[0,0],"132":[0,0],"133":[0,0],"134":[0,0],"135":[0,0],"136":[0,0],"137":[0,0],"138":[0,0],"139":[0,0],"140":[0,0],"141":[0,0],"142":[0,0],"143":[0,0],"144":[0,0],"145":[0,0],"146":[0,0],"147":[0,0],"148":[0,0],"149":[0,0],"150":[0,0],"151":[0,0],"152":[0,0],"153":[0,0],"154":[0,0],"155":[0,0,0],"156":[0,0],"157":[0,0],"158":[0,0],"159":[0,0],"160":[0,0],"161":[0,0],"162":[0,0],"163":[0,0],"164":[0,0],"165":[0,0],"166":[0,0],"167":[0,0],"168":[0,0],"169":[0,0],"170":[0,0],"171":[0,0],"172":[0,0],"173":[0,0],"174":[0,0],"175":[0,0],"176":[0,0],"177":[0,0],"178":[0,0],"179":[0,0]},"f":{"1":1,"2":2,"3":0,"4":1,"5":0,"6":0,"7":0,"8":0,"9":8,"10":0,"11":10,"12":0,"13":0,"14":0,"15":0,"16":0,"17":0,"18":0,"19":0,"20":0,"21":0,"22":0,"23":0,"24":0,"25":0,"26":0,"27":0,"28":0,"29":0,"30":0,"31":0,"32":0,"33":0,"34":0,"35":0,"36":0,"37":0,"38":0,"39":0,"40":0,"41":0,"42":0,"43":0,"44":0,"45":0,"46":0,"47":0,"48":0,"49":0,"50":0,"51":0,"52":0,"53":0,"54":0,"55":0,"56":0,"57":0,"58":0,"59":0,"60":0,"61":0,"62":0,"63":0,"64":0,"65":0,"66":0,"67":0,"68":0,"69":0,"70":0,"71":0,"72":0,"73":0,"74":0,"75":0,"76":0,"77":0,"78":0,"79":0,"80":0,"81":0,"82":0,"83":0,"84":0,"85":0,"86":0,"87":0,"88":0,"89":0,"90":0,"91":0,"92":0,"93":0,"94":0,"95":0,"96":0,"97":0,"98":0,"99":0,"100":0,"101":0,"102":0,"103":0,"104":0,"105":0,"106":0,"107":1},"fnMap":{"1":{"name":"Yargs","line":16,"loc":{"start":{"line":16,"column":0},"end":{"line":16,"column":49}}},"2":{"name":"(anonymous_2)","line":37,"loc":{"start":{"line":37,"column":9},"end":{"line":37,"column":25}}},"3":{"name":"(anonymous_3)","line":55,"loc":{"start":{"line":55,"column":20},"end":{"line":55,"column":32}}},"4":{"name":"(anonymous_4)","line":63,"loc":{"start":{"line":63,"column":35},"end":{"line":63,"column":54}}},"5":{"name":"(anonymous_5)","line":77,"loc":{"start":{"line":77,"column":29},"end":{"line":77,"column":42}}},"6":{"name":"(anonymous_6)","line":79,"loc":{"start":{"line":79,"column":34},"end":{"line":79,"column":47}}},"7":{"name":"(anonymous_7)","line":85,"loc":{"start":{"line":85,"column":49},"end":{"line":85,"column":75}}},"8":{"name":"(anonymous_8)","line":86,"loc":{"start":{"line":86,"column":42},"end":{"line":86,"column":57}}},"9":{"name":"(anonymous_9)","line":107,"loc":{"start":{"line":107,"column":25},"end":{"line":107,"column":38}}},"10":{"name":"(anonymous_10)","line":108,"loc":{"start":{"line":108,"column":48},"end":{"line":108,"column":61}}},"11":{"name":"(anonymous_11)","line":113,"loc":{"start":{"line":113,"column":26},"end":{"line":113,"column":39}}},"12":{"name":"(anonymous_12)","line":114,"loc":{"start":{"line":114,"column":44},"end":{"line":114,"column":60}}},"13":{"name":"freeze","line":142,"loc":{"start":{"line":142,"column":2},"end":{"line":142,"column":21}}},"14":{"name":"unfreeze","line":158,"loc":{"start":{"line":158,"column":2},"end":{"line":158,"column":23}}},"15":{"name":"(anonymous_15)","line":177,"loc":{"start":{"line":177,"column":17},"end":{"line":177,"column":33}}},"16":{"name":"(anonymous_16)","line":183,"loc":{"start":{"line":183,"column":15},"end":{"line":183,"column":31}}},"17":{"name":"(anonymous_17)","line":189,"loc":{"start":{"line":189,"column":16},"end":{"line":189,"column":32}}},"18":{"name":"(anonymous_18)","line":195,"loc":{"start":{"line":195,"column":19},"end":{"line":195,"column":35}}},"19":{"name":"(anonymous_19)","line":201,"loc":{"start":{"line":201,"column":15},"end":{"line":201,"column":31}}},"20":{"name":"(anonymous_20)","line":207,"loc":{"start":{"line":207,"column":16},"end":{"line":207,"column":32}}},"21":{"name":"(anonymous_21)","line":213,"loc":{"start":{"line":213,"column":21},"end":{"line":213,"column":37}}},"22":{"name":"(anonymous_22)","line":219,"loc":{"start":{"line":219,"column":24},"end":{"line":219,"column":40}}},"23":{"name":"populateParserHintArray","line":225,"loc":{"start":{"line":225,"column":2},"end":{"line":225,"column":55}}},"24":{"name":"(anonymous_24)","line":227,"loc":{"start":{"line":227,"column":17},"end":{"line":227,"column":32}}},"25":{"name":"(anonymous_25)","line":232,"loc":{"start":{"line":232,"column":15},"end":{"line":232,"column":37}}},"26":{"name":"(anonymous_26)","line":238,"loc":{"start":{"line":238,"column":17},"end":{"line":238,"column":39}}},"27":{"name":"(anonymous_27)","line":244,"loc":{"start":{"line":244,"column":15},"end":{"line":244,"column":37}}},"28":{"name":"(anonymous_28)","line":251,"loc":{"start":{"line":251,"column":33},"end":{"line":251,"column":75}}},"29":{"name":"(anonymous_29)","line":262,"loc":{"start":{"line":262,"column":18},"end":{"line":262,"column":39}}},"30":{"name":"(anonymous_30)","line":269,"loc":{"start":{"line":269,"column":22},"end":{"line":269,"column":43}}},"31":{"name":"(anonymous_31)","line":275,"loc":{"start":{"line":275,"column":16},"end":{"line":275,"column":39}}},"32":{"name":"populateParserHintObject","line":281,"loc":{"start":{"line":281,"column":2},"end":{"line":281,"column":73}}},"33":{"name":"(anonymous_33)","line":285,"loc":{"start":{"line":285,"column":18},"end":{"line":285,"column":31}}},"34":{"name":"(anonymous_34)","line":291,"loc":{"start":{"line":291,"column":31},"end":{"line":291,"column":44}}},"35":{"name":"(anonymous_35)","line":304,"loc":{"start":{"line":304,"column":16},"end":{"line":304,"column":45}}},"36":{"name":"(anonymous_36)","line":321,"loc":{"start":{"line":321,"column":48},"end":{"line":321,"column":61}}},"37":{"name":"(anonymous_37)","line":328,"loc":{"start":{"line":328,"column":17},"end":{"line":328,"column":45}}},"38":{"name":"(anonymous_38)","line":334,"loc":{"start":{"line":334,"column":17},"end":{"line":334,"column":63}}},"39":{"name":"(anonymous_39)","line":340,"loc":{"start":{"line":340,"column":20},"end":{"line":340,"column":41}}},"40":{"name":"(anonymous_40)","line":349,"loc":{"start":{"line":349,"column":47},"end":{"line":349,"column":73}}},"41":{"name":"(anonymous_41)","line":354,"loc":{"start":{"line":354,"column":18},"end":{"line":354,"column":33}}},"42":{"name":"(anonymous_42)","line":366,"loc":{"start":{"line":366,"column":19},"end":{"line":366,"column":34}}},"43":{"name":"(anonymous_43)","line":380,"loc":{"start":{"line":380,"column":23},"end":{"line":380,"column":59}}},"44":{"name":"(anonymous_44)","line":402,"loc":{"start":{"line":402,"column":28},"end":{"line":402,"column":40}}},"45":{"name":"(anonymous_45)","line":407,"loc":{"start":{"line":407,"column":29},"end":{"line":407,"column":41}}},"46":{"name":"(anonymous_46)","line":412,"loc":{"start":{"line":412,"column":17},"end":{"line":412,"column":39}}},"47":{"name":"(anonymous_47)","line":418,"loc":{"start":{"line":418,"column":19},"end":{"line":418,"column":41}}},"48":{"name":"(anonymous_48)","line":424,"loc":{"start":{"line":424,"column":15},"end":{"line":424,"column":36}}},"49":{"name":"(anonymous_49)","line":439,"loc":{"start":{"line":439,"column":32},"end":{"line":439,"column":47}}},"50":{"name":"(anonymous_50)","line":445,"loc":{"start":{"line":445,"column":14},"end":{"line":445,"column":27}}},"51":{"name":"(anonymous_51)","line":451,"loc":{"start":{"line":451,"column":15},"end":{"line":451,"column":37}}},"52":{"name":"(anonymous_52)","line":457,"loc":{"start":{"line":457,"column":16},"end":{"line":457,"column":43}}},"53":{"name":"(anonymous_53)","line":461,"loc":{"start":{"line":461,"column":43},"end":{"line":461,"column":56}}},"54":{"name":"(anonymous_54)","line":465,"loc":{"start":{"line":465,"column":22},"end":{"line":465,"column":35}}},"55":{"name":"(anonymous_55)","line":472,"loc":{"start":{"line":472,"column":17},"end":{"line":472,"column":38}}},"56":{"name":"pkgUp","line":490,"loc":{"start":{"line":490,"column":2},"end":{"line":490,"column":24}}},"57":{"name":"(anonymous_57)","line":509,"loc":{"start":{"line":509,"column":15},"end":{"line":509,"column":55}}},"58":{"name":"(anonymous_58)","line":540,"loc":{"start":{"line":540,"column":26},"end":{"line":540,"column":38}}},"59":{"name":"(anonymous_59)","line":544,"loc":{"start":{"line":544,"column":27},"end":{"line":544,"column":39}}},"60":{"name":"(anonymous_60)","line":548,"loc":{"start":{"line":548,"column":31},"end":{"line":548,"column":51}}},"61":{"name":"(anonymous_61)","line":551,"loc":{"start":{"line":551,"column":31},"end":{"line":551,"column":44}}},"62":{"name":"(anonymous_62)","line":658,"loc":{"start":{"line":658,"column":20},"end":{"line":658,"column":32}}},"63":{"name":"(anonymous_63)","line":662,"loc":{"start":{"line":662,"column":15},"end":{"line":662,"column":42}}},"64":{"name":"(anonymous_64)","line":671,"loc":{"start":{"line":671,"column":61},"end":{"line":671,"column":76}}},"65":{"name":"(anonymous_65)","line":677,"loc":{"start":{"line":677,"column":19},"end":{"line":677,"column":31}}},"66":{"name":"(anonymous_66)","line":684,"loc":{"start":{"line":684,"column":13},"end":{"line":684,"column":31}}},"67":{"name":"(anonymous_67)","line":691,"loc":{"start":{"line":691,"column":14},"end":{"line":691,"column":30}}},"68":{"name":"(anonymous_68)","line":699,"loc":{"start":{"line":699,"column":16},"end":{"line":699,"column":34}}},"69":{"name":"(anonymous_69)","line":705,"loc":{"start":{"line":705,"column":19},"end":{"line":705,"column":31}}},"70":{"name":"(anonymous_70)","line":709,"loc":{"start":{"line":709,"column":18},"end":{"line":709,"column":35}}},"71":{"name":"(anonymous_71)","line":717,"loc":{"start":{"line":717,"column":17},"end":{"line":717,"column":42}}},"72":{"name":"guessVersion","line":739,"loc":{"start":{"line":739,"column":2},"end":{"line":739,"column":27}}},"73":{"name":"(anonymous_73)","line":747,"loc":{"start":{"line":747,"column":32},"end":{"line":747,"column":68}}},"74":{"name":"(anonymous_74)","line":777,"loc":{"start":{"line":777,"column":24},"end":{"line":777,"column":52}}},"75":{"name":"(anonymous_75)","line":784,"loc":{"start":{"line":784,"column":21},"end":{"line":784,"column":40}}},"76":{"name":"(anonymous_76)","line":792,"loc":{"start":{"line":792,"column":24},"end":{"line":792,"column":36}}},"77":{"name":"(anonymous_77)","line":797,"loc":{"start":{"line":797,"column":20},"end":{"line":797,"column":45}}},"78":{"name":"(anonymous_78)","line":821,"loc":{"start":{"line":821,"column":30},"end":{"line":821,"column":44}}},"79":{"name":"(anonymous_79)","line":828,"loc":{"start":{"line":828,"column":23},"end":{"line":828,"column":45}}},"80":{"name":"(anonymous_80)","line":833,"loc":{"start":{"line":833,"column":16},"end":{"line":833,"column":34}}},"81":{"name":"(anonymous_81)","line":844,"loc":{"start":{"line":844,"column":43},"end":{"line":844,"column":58}}},"82":{"name":"(anonymous_82)","line":852,"loc":{"start":{"line":852,"column":22},"end":{"line":852,"column":40}}},"83":{"name":"(anonymous_83)","line":857,"loc":{"start":{"line":857,"column":25},"end":{"line":857,"column":37}}},"84":{"name":"(anonymous_84)","line":865,"loc":{"start":{"line":865,"column":14},"end":{"line":865,"column":35}}},"85":{"name":"(anonymous_85)","line":874,"loc":{"start":{"line":874,"column":9},"end":{"line":874,"column":21}}},"86":{"name":"(anonymous_86)","line":882,"loc":{"start":{"line":882,"column":11},"end":{"line":882,"column":23}}},"87":{"name":"(anonymous_87)","line":891,"loc":{"start":{"line":891,"column":28},"end":{"line":891,"column":40}}},"88":{"name":"(anonymous_88)","line":896,"loc":{"start":{"line":896,"column":20},"end":{"line":896,"column":32}}},"89":{"name":"(anonymous_89)","line":900,"loc":{"start":{"line":900,"column":23},"end":{"line":900,"column":35}}},"90":{"name":"(anonymous_90)","line":905,"loc":{"start":{"line":905,"column":27},"end":{"line":905,"column":48}}},"91":{"name":"(anonymous_91)","line":911,"loc":{"start":{"line":911,"column":26},"end":{"line":911,"column":38}}},"92":{"name":"(anonymous_92)","line":915,"loc":{"start":{"line":915,"column":31},"end":{"line":915,"column":43}}},"93":{"name":"(anonymous_93)","line":919,"loc":{"start":{"line":919,"column":28},"end":{"line":919,"column":40}}},"94":{"name":"(anonymous_94)","line":923,"loc":{"start":{"line":923,"column":23},"end":{"line":923,"column":35}}},"95":{"name":"(anonymous_95)","line":929,"loc":{"start":{"line":929,"column":9},"end":{"line":929,"column":21}}},"96":{"name":"(anonymous_96)","line":935,"loc":{"start":{"line":935,"column":20},"end":{"line":935,"column":67}}},"97":{"name":"(anonymous_97)","line":967,"loc":{"start":{"line":967,"column":50},"end":{"line":967,"column":63}}},"98":{"name":"(anonymous_98)","line":972,"loc":{"start":{"line":972,"column":33},"end":{"line":972,"column":48}}},"99":{"name":"(anonymous_99)","line":1027,"loc":{"start":{"line":1027,"column":49},"end":{"line":1027,"column":72}}},"100":{"name":"(anonymous_100)","line":1028,"loc":{"start":{"line":1028,"column":39},"end":{"line":1028,"column":61}}},"101":{"name":"(anonymous_101)","line":1038,"loc":{"start":{"line":1038,"column":32},"end":{"line":1038,"column":47}}},"102":{"name":"(anonymous_102)","line":1056,"loc":{"start":{"line":1056,"column":48},"end":{"line":1056,"column":63}}},"103":{"name":"(anonymous_103)","line":1080,"loc":{"start":{"line":1080,"column":24},"end":{"line":1080,"column":77}}},"104":{"name":"guessLocale","line":1092,"loc":{"start":{"line":1092,"column":2},"end":{"line":1092,"column":26}}},"105":{"name":"setPlaceholderKeys","line":1104,"loc":{"start":{"line":1104,"column":2},"end":{"line":1104,"column":37}}},"106":{"name":"(anonymous_106)","line":1105,"loc":{"start":{"line":1105,"column":37},"end":{"line":1105,"column":52}}},"107":{"name":"rebase","line":1120,"loc":{"start":{"line":1120,"column":0},"end":{"line":1120,"column":28}}}},"statementMap":{"1":{"start":{"line":1,"column":0},"end":{"line":1,"column":40}},"2":{"start":{"line":2,"column":0},"end":{"line":2,"column":38}},"3":{"start":{"line":3,"column":0},"end":{"line":3,"column":40}},"4":{"start":{"line":4,"column":0},"end":{"line":4,"column":46}},"5":{"start":{"line":5,"column":0},"end":{"line":5,"column":38}},"6":{"start":{"line":6,"column":0},"end":{"line":6,"column":28}},"7":{"start":{"line":7,"column":0},"end":{"line":7,"column":36}},"8":{"start":{"line":8,"column":0},"end":{"line":8,"column":46}},"9":{"start":{"line":9,"column":0},"end":{"line":9,"column":28}},"10":{"start":{"line":10,"column":0},"end":{"line":10,"column":45}},"11":{"start":{"line":11,"column":0},"end":{"line":11,"column":43}},"12":{"start":{"line":12,"column":0},"end":{"line":12,"column":51}},"13":{"start":{"line":13,"column":0},"end":{"line":13,"column":38}},"14":{"start":{"line":15,"column":0},"end":{"line":15,"column":36}},"15":{"start":{"line":16,"column":0},"end":{"line":1115,"column":1}},"16":{"start":{"line":17,"column":2},"end":{"line":17,"column":33}},"17":{"start":{"line":19,"column":2},"end":{"line":19,"column":17}},"18":{"start":{"line":20,"column":2},"end":{"line":20,"column":20}},"19":{"start":{"line":21,"column":2},"end":{"line":21,"column":23}},"20":{"start":{"line":22,"column":2},"end":{"line":22,"column":17}},"21":{"start":{"line":23,"column":2},"end":{"line":23,"column":17}},"22":{"start":{"line":24,"column":2},"end":{"line":24,"column":26}},"23":{"start":{"line":25,"column":2},"end":{"line":25,"column":18}},"24":{"start":{"line":26,"column":2},"end":{"line":26,"column":23}},"25":{"start":{"line":28,"column":2},"end":{"line":31,"column":4}},"26":{"start":{"line":33,"column":2},"end":{"line":33,"column":31}},"27":{"start":{"line":33,"column":12},"end":{"line":33,"column":31}},"28":{"start":{"line":35,"column":2},"end":{"line":44,"column":21}},"29":{"start":{"line":40,"column":6},"end":{"line":40,"column":61}},"30":{"start":{"line":40,"column":55},"end":{"line":40,"column":61}},"31":{"start":{"line":41,"column":6},"end":{"line":41,"column":28}},"32":{"start":{"line":42,"column":6},"end":{"line":42,"column":75}},"33":{"start":{"line":46,"column":2},"end":{"line":50,"column":3}},"34":{"start":{"line":47,"column":4},"end":{"line":49,"column":5}},"35":{"start":{"line":54,"column":2},"end":{"line":54,"column":57}},"36":{"start":{"line":55,"column":2},"end":{"line":57,"column":3}},"37":{"start":{"line":56,"column":4},"end":{"line":56,"column":18}},"38":{"start":{"line":62,"column":2},"end":{"line":62,"column":13}},"39":{"start":{"line":63,"column":2},"end":{"line":137,"column":3}},"40":{"start":{"line":64,"column":4},"end":{"line":64,"column":20}},"41":{"start":{"line":65,"column":4},"end":{"line":65,"column":27}},"42":{"start":{"line":66,"column":4},"end":{"line":66,"column":27}},"43":{"start":{"line":70,"column":4},"end":{"line":70,"column":23}},"44":{"start":{"line":71,"column":4},"end":{"line":71,"column":57}},"45":{"start":{"line":72,"column":4},"end":{"line":72,"column":81}},"46":{"start":{"line":76,"column":4},"end":{"line":76,"column":24}},"47":{"start":{"line":77,"column":4},"end":{"line":82,"column":6}},"48":{"start":{"line":78,"column":6},"end":{"line":79,"column":7}},"49":{"start":{"line":79,"column":7},"end":{"line":81,"column":8}},"50":{"start":{"line":80,"column":8},"end":{"line":80,"column":29}},"51":{"start":{"line":85,"column":4},"end":{"line":93,"column":10}},"52":{"start":{"line":86,"column":6},"end":{"line":88,"column":8}},"53":{"start":{"line":87,"column":8},"end":{"line":87,"column":36}},"54":{"start":{"line":89,"column":6},"end":{"line":91,"column":7}},"55":{"start":{"line":90,"column":8},"end":{"line":90,"column":29}},"56":{"start":{"line":92,"column":6},"end":{"line":92,"column":16}},"57":{"start":{"line":95,"column":4},"end":{"line":95,"column":15}},"58":{"start":{"line":97,"column":4},"end":{"line":100,"column":5}},"59":{"start":{"line":102,"column":4},"end":{"line":105,"column":5}},"60":{"start":{"line":107,"column":4},"end":{"line":111,"column":6}},"61":{"start":{"line":108,"column":6},"end":{"line":110,"column":8}},"62":{"start":{"line":109,"column":8},"end":{"line":109,"column":30}},"63":{"start":{"line":113,"column":4},"end":{"line":117,"column":6}},"64":{"start":{"line":114,"column":6},"end":{"line":116,"column":8}},"65":{"start":{"line":115,"column":8},"end":{"line":115,"column":30}},"66":{"start":{"line":119,"column":4},"end":{"line":119,"column":44}},"67":{"start":{"line":120,"column":4},"end":{"line":120,"column":24}},"68":{"start":{"line":124,"column":4},"end":{"line":124,"column":64}},"69":{"start":{"line":125,"column":4},"end":{"line":125,"column":91}},"70":{"start":{"line":126,"column":4},"end":{"line":126,"column":74}},"71":{"start":{"line":127,"column":4},"end":{"line":127,"column":66}},"72":{"start":{"line":127,"column":21},"end":{"line":127,"column":66}},"73":{"start":{"line":129,"column":4},"end":{"line":129,"column":37}},"74":{"start":{"line":129,"column":23},"end":{"line":129,"column":37}},"75":{"start":{"line":130,"column":4},"end":{"line":130,"column":28}},"76":{"start":{"line":131,"column":4},"end":{"line":131,"column":15}},"77":{"start":{"line":132,"column":4},"end":{"line":132,"column":20}},"78":{"start":{"line":133,"column":4},"end":{"line":133,"column":21}},"79":{"start":{"line":134,"column":4},"end":{"line":134,"column":23}},"80":{"start":{"line":136,"column":4},"end":{"line":136,"column":15}},"81":{"start":{"line":138,"column":2},"end":{"line":138,"column":21}},"82":{"start":{"line":141,"column":2},"end":{"line":141,"column":12}},"83":{"start":{"line":142,"column":2},"end":{"line":157,"column":3}},"84":{"start":{"line":143,"column":4},"end":{"line":143,"column":15}},"85":{"start":{"line":144,"column":4},"end":{"line":144,"column":28}},"86":{"start":{"line":145,"column":4},"end":{"line":145,"column":57}},"87":{"start":{"line":146,"column":4},"end":{"line":146,"column":36}},"88":{"start":{"line":147,"column":4},"end":{"line":147,"column":26}},"89":{"start":{"line":148,"column":4},"end":{"line":148,"column":18}},"90":{"start":{"line":149,"column":4},"end":{"line":149,"column":23}},"91":{"start":{"line":150,"column":4},"end":{"line":150,"column":20}},"92":{"start":{"line":151,"column":4},"end":{"line":151,"column":26}},"93":{"start":{"line":152,"column":4},"end":{"line":152,"column":48}},"94":{"start":{"line":153,"column":4},"end":{"line":153,"column":26}},"95":{"start":{"line":154,"column":4},"end":{"line":154,"column":32}},"96":{"start":{"line":155,"column":4},"end":{"line":155,"column":32}},"97":{"start":{"line":156,"column":4},"end":{"line":156,"column":31}},"98":{"start":{"line":158,"column":2},"end":{"line":175,"column":3}},"99":{"start":{"line":159,"column":4},"end":{"line":159,"column":28}},"100":{"start":{"line":160,"column":4},"end":{"line":160,"column":48}},"101":{"start":{"line":161,"column":4},"end":{"line":161,"column":36}},"102":{"start":{"line":162,"column":4},"end":{"line":162,"column":26}},"103":{"start":{"line":163,"column":4},"end":{"line":163,"column":26}},"104":{"start":{"line":164,"column":4},"end":{"line":164,"column":32}},"105":{"start":{"line":165,"column":4},"end":{"line":165,"column":32}},"106":{"start":{"line":166,"column":4},"end":{"line":166,"column":31}},"107":{"start":{"line":167,"column":4},"end":{"line":167,"column":20}},"108":{"start":{"line":168,"column":4},"end":{"line":168,"column":25}},"109":{"start":{"line":169,"column":4},"end":{"line":169,"column":22}},"110":{"start":{"line":170,"column":4},"end":{"line":170,"column":26}},"111":{"start":{"line":171,"column":4},"end":{"line":171,"column":48}},"112":{"start":{"line":172,"column":4},"end":{"line":172,"column":18}},"113":{"start":{"line":173,"column":4},"end":{"line":173,"column":23}},"114":{"start":{"line":174,"column":4},"end":{"line":174,"column":22}},"115":{"start":{"line":177,"column":2},"end":{"line":181,"column":3}},"116":{"start":{"line":178,"column":4},"end":{"line":178,"column":55}},"117":{"start":{"line":179,"column":4},"end":{"line":179,"column":44}},"118":{"start":{"line":180,"column":4},"end":{"line":180,"column":15}},"119":{"start":{"line":183,"column":2},"end":{"line":187,"column":3}},"120":{"start":{"line":184,"column":4},"end":{"line":184,"column":55}},"121":{"start":{"line":185,"column":4},"end":{"line":185,"column":42}},"122":{"start":{"line":186,"column":4},"end":{"line":186,"column":15}},"123":{"start":{"line":189,"column":2},"end":{"line":193,"column":3}},"124":{"start":{"line":190,"column":4},"end":{"line":190,"column":55}},"125":{"start":{"line":191,"column":4},"end":{"line":191,"column":43}},"126":{"start":{"line":192,"column":4},"end":{"line":192,"c
[...]
e":219,"column":13},"end":{"line":219,"column":13}},{"start":{"line":219,"column":13},"end":{"line":219,"column":13}}]},"35":{"line":219,"type":"binary-expr","locations":[{"start":{"line":219,"column":17},"end":{"line":219,"column":43}},{"start":{"line":219,"column":47},"end":{"line":219,"column":70}}]},"36":{"line":228,"type":"if","locations":[{"start":{"line":228,"column":4},"end":{"line":228,"column":4}},{"start":{"line":228,"column":4},"end":{"line":228,"column":4}}]},"37":{"line":251,"type":"cond-expr","locations":[{"start":{"line":251,"column":25},"end":{"line":251,"column":28}},{"start":{"line":251,"column":31},"end":{"line":251,"column":34}}]},"38":{"line":253,"type":"if","locations":[{"start":{"line":253,"column":6},"end":{"line":253,"column":6}},{"start":{"line":253,"column":6},"end":{"line":253,"column":6}}]},"39":{"line":256,"type":"if","locations":[{"start":{"line":256,"column":13},"end":{"line":256,"column":13}},{"start":{"line":256,"column":13},"end":{"line":256,"column":13}}]},"40":{"line":266,"type":"cond-expr","locations":[{"start":{"line":266,"column":27},"end":{"line":266,"column":32}},{"start":{"line":266,"column":35},"end":{"line":266,"column":38}}]},"41":{"line":268,"type":"if","locations":[{"start":{"line":268,"column":6},"end":{"line":268,"column":6}},{"start":{"line":268,"column":6},"end":{"line":268,"column":6}}]},"42":{"line":270,"type":"if","locations":[{"start":{"line":270,"column":13},"end":{"line":270,"column":13}},{"start":{"line":270,"column":13},"end":{"line":270,"column":13}}]},"43":{"line":277,"type":"if","locations":[{"start":{"line":277,"column":6},"end":{"line":277,"column":6}},{"start":{"line":277,"column":6},"end":{"line":277,"column":6}}]},"44":{"line":277,"type":"binary-expr","locations":[{"start":{"line":277,"column":10},"end":{"line":277,"column":13}},{"start":{"line":277,"column":17},"end":{"line":277,"column":23}}]},"45":{"line":282,"type":"if","locations":[{"start":{"line":282,"column":4},"end":{"line":282,"column":4}},{"start":{"line":282,"column":4},"end":{"line":282,"column":4}}]},"46":{"line":295,"type":"if","locations":[{"start":{"line":295,"column":4},"end":{"line":295,"column":4}},{"start":{"line":295,"column":4},"end":{"line":295,"column":4}}]},"47":{"line":312,"type":"if","locations":[{"start":{"line":312,"column":6},"end":{"line":312,"column":6}},{"start":{"line":312,"column":6},"end":{"line":312,"column":6}}]},"48":{"line":312,"type":"binary-expr","locations":[{"start":{"line":312,"column":10},"end":{"line":312,"column":26}},{"start":{"line":312,"column":30},"end":{"line":312,"column":67}}]},"49":{"line":327,"type":"if","locations":[{"start":{"line":327,"column":6},"end":{"line":327,"column":6}},{"start":{"line":327,"column":6},"end":{"line":327,"column":6}}]},"50":{"line":327,"type":"binary-expr","locations":[{"start":{"line":327,"column":10},"end":{"line":327,"column":24}},{"start":{"line":327,"column":28},"end":{"line":327,"column":44}}]},"51":{"line":332,"type":"if","locations":[{"start":{"line":332,"column":4},"end":{"line":332,"column":4}},{"start":{"line":332,"column":4},"end":{"line":332,"column":4}}]}},"code":["const objFilter = require('./obj-filter')","","// validation-type-stuff, missing params,","// bad implications, custom checks.","module.exports = function (yargs, usage, y18n) {","  const __ = y18n.__","  const __n = y18n.__n","  const self = {}","","  // validate appropriate # of non-option","  // arguments were provided, i.e., '_'.","  self.nonOptionCount = function (argv) {","    const demandedCommands = yargs.getDemandedCommands()","    // don't count currently executing commands","    const _s = argv._.length - yargs.getContext().commands.length","","    if (demandedCommands._ && (_s < demandedCommands._.min || _s > demandedCommands._.max)) {","      if (_s < demandedCommands._.min) {","        if (demandedCommands._.minMsg !== undefined) {","          usage.fail(","            // replace $0 with observed, $1 with expected.","            demandedCommands._.minMsg ? demandedCommands._.minMsg.replace(/\\$0/g, _s).replace(/\\$1/, demandedCommands._.min) : null","          )","        } else {","          usage.fail(","            __('Not enough non-option arguments: got %s, need at least %s', _s, demandedCommands._.min)","          )","        }","      } else if (_s > demandedCommands._.max) {","        if (demandedCommands._.maxMsg !== undefined) {","          usage.fail(","            // replace $0 with observed, $1 with expected.","            demandedCommands._.maxMsg ? demandedCommands._.maxMsg.replace(/\\$0/g, _s).replace(/\\$1/, demandedCommands._.max) : null","          )","        } else {","          usage.fail(","          __('Too many non-option arguments: got %s, maximum of %s', _s, demandedCommands._.max)","          )","        }","      }","    }","  }","","  // validate the appropriate # of <required>","  // positional arguments were provided:","  self.positionalCount = function (required, observed) {","    if (observed < required) {","      usage.fail(","        __('Not enough non-option arguments: got %s, need at least %s', observed, required)","      )","    }","  }","","  // make sure that any args that require an","  // value (--foo=bar), have a value.","  self.missingArgumentValue = function (argv) {","    const defaultValues = [true, false, '']","    const options = yargs.getOptions()","","    if (options.requiresArg.length > 0) {","      const missingRequiredArgs = []","","      options.requiresArg.forEach(function (key) {","        const value = argv[key]","","        // if a value is explicitly requested,","        // flag argument as missing if it does not","        // look like foo=bar was entered.","        if (~defaultValues.indexOf(value) ||","          (Array.isArray(value) && !value.length)) {","          missingRequiredArgs.push(key)","        }","      })","","      if (missingRequiredArgs.length > 0) {","        usage.fail(__n(","          'Missing argument value: %s',","          'Missing argument values: %s',","          missingRequiredArgs.length,","          missingRequiredArgs.join(', ')","        ))","      }","    }","  }","","  // make sure all the required arguments are present.","  self.requiredArguments = function (argv) {","    const demandedOptions = yargs.getDemandedOptions()","    var missing = null","","    Object.keys(demandedOptions).forEach(function (key) {","      if (!argv.hasOwnProperty(key) || typeof argv[key] === 'undefined') {","        missing = missing || {}","        missing[key] = demandedOptions[key]","      }","    })","","    if (missing) {","      const customMsgs = []","      Object.keys(missing).forEach(function (key) {","        const msg = missing[key]","        if (msg && customMsgs.indexOf(msg) < 0) {","          customMsgs.push(msg)","        }","      })","","      const customMsg = customMsgs.length ? '\\n' + customMsgs.join('\\n') : ''","","      usage.fail(__n(","        'Missing required argument: %s',","        'Missing required arguments: %s',","        Object.keys(missing).length,","        Object.keys(missing).join(', ') + customMsg","      ))","    }","  }","","  // check for unknown arguments (strict-mode).","  self.unknownArguments = function (argv, aliases, positionalMap) {","    const aliasLookup = {}","    const descriptions = usage.getDescriptions()","    const demandedOptions = yargs.getDemandedOptions()","    const commandKeys = yargs.getCommandInstance().getCommands()","    const unknown = []","    const currentContext = yargs.getContext()","","    Object.keys(aliases).forEach(function (key) {","      aliases[key].forEach(function (alias) {","        aliasLookup[alias] = key","      })","    })","","    Object.keys(argv).forEach(function (key) {","      if (key !== '$0' && key !== '_' &&","        !descriptions.hasOwnProperty(key) &&","        !demandedOptions.hasOwnProperty(key) &&","        !positionalMap.hasOwnProperty(key) &&","        !yargs._getParseContext().hasOwnProperty(key) &&","        !aliasLookup.hasOwnProperty(key)) {","        unknown.push(key)","      }","    })","","    if (commandKeys.length > 0) {","      argv._.slice(currentContext.commands.length).forEach(function (key) {","        if (commandKeys.indexOf(key) === -1) {","          unknown.push(key)","        }","      })","    }","","    if (unknown.length > 0) {","      usage.fail(__n(","        'Unknown argument: %s',","        'Unknown arguments: %s',","        unknown.length,","        unknown.join(', ')","      ))","    }","  }","","  // validate arguments limited to enumerated choices","  self.limitedChoices = function (argv) {","    const options = yargs.getOptions()","    const invalid = {}","","    if (!Object.keys(options.choices).length) return","","    Object.keys(argv).forEach(function (key) {","      if (key !== '$0' && key !== '_' &&","        options.choices.hasOwnProperty(key)) {","        [].concat(argv[key]).forEach(function (value) {","          // TODO case-insensitive configurability","          if (options.choices[key].indexOf(value) === -1) {","            invalid[key] = (invalid[key] || []).concat(value)","          }","        })","      }","    })","","    const invalidKeys = Object.keys(invalid)","","    if (!invalidKeys.length) return","","    var msg = __('Invalid values:')","    invalidKeys.forEach(function (key) {","      msg += '\\n  ' + __(","        'Argument: %s, Given: %s, Choices: %s',","        key,","        usage.stringifiedValues(invalid[key]),","        usage.stringifiedValues(options.choices[key])","      )","    })","    usage.fail(msg)","  }","","  // custom checks, added using the `check` option on yargs.","  var checks = []","  self.check = function (f, global) {","    checks.push({","      func: f,","      global: global","    })","  }","","  self.customChecks = function (argv, aliases) {","    for (var i = 0, f; (f = checks[i]) !== undefined; i++) {","      var func = f.func","      var result = null","      try {","        result = func(argv, aliases)","      } catch (err) {","        usage.fail(err.message ? err.message : err, err)","        continue","      }","","      if (!result) {","        usage.fail(__('Argument check failed: %s', func.toString()))","      } else if (typeof result === 'string' || result instanceof Error) {","        usage.fail(result.toString(), result)","      }","    }","  }","","  // check implications, argument foo implies => argument bar.","  var implied = {}","  self.implies = function (key, value) {","    if (typeof key === 'object') {","      Object.keys(key).forEach(function (k) {","        self.implies(k, key[k])","      })","    } else {","      yargs.global(key)","      implied[key] = value","    }","  }","  self.getImplied = function () {","    return implied","  }","","  self.implications = function (argv) {","    const implyFail = []","","    Object.keys(implied).forEach(function (key) {","      var num","      const origKey = key","      var value = implied[key]","","      // convert string '1' to number 1","      num = Number(key)","      key = isNaN(num) ? key : num","","      if (typeof key === 'number') {","        // check length of argv._","        key = argv._.length >= key","      } else if (key.match(/^--no-.+/)) {","        // check if key doesn't exist","        key = key.match(/^--no-(.+)/)[1]","        key = !argv[key]","      } else {","        // check if key exists","        key = argv[key]","      }","","      num = Number(value)","      value = isNaN(num) ? value : num","","      if (typeof value === 'number') {","        value = argv._.length >= value","      } else if (value.match(/^--no-.+/)) {","        value = value.match(/^--no-(.+)/)[1]","        value = !argv[value]","      } else {","        value = argv[value]","      }","","      if (key && !value) {","        implyFail.push(origKey)","      }","    })","","    if (implyFail.length) {","      var msg = __('Implications failed:') + '\\n'","","      implyFail.forEach(function (key) {","        msg += ('  ' + key + ' -> ' + implied[key])","      })","","      usage.fail(msg)","    }","  }","","  var conflicting = {}","  self.conflicts = function (key, value) {","    if (typeof key === 'object') {","      Object.keys(key).forEach(function (k) {","        self.conflicts(k, key[k])","      })","    } else {","      yargs.global(key)","      conflicting[key] = value","    }","  }","  self.getConflicting = function () {","    return conflicting","  }","","  self.conflicting = function (argv) {","    var args = Object.getOwnPropertyNames(argv)","","    args.forEach(function (arg) {","      if (conflicting[arg] && args.indexOf(conflicting[arg]) !== -1) {","        usage.fail(__('Arguments %s and %s are mutually exclusive', arg, conflicting[arg]))","      }","    })","  }","","  self.recommendCommands = function (cmd, potentialCommands) {","    const distance = require('./levenshtein')","    const threshold = 3 // if it takes more than three edits, let's move on.","    potentialCommands = potentialCommands.sort(function (a, b) { return b.length - a.length })","","    var recommended = null","    var bestDistance = Infinity","    for (var i = 0, candidate; (candidate = potentialCommands[i]) !== undefined; i++) {","      var d = distance(cmd, candidate)","      if (d <= threshold && d < bestDistance) {","        bestDistance = d","        recommended = candidate","      }","    }","    if (recommended) usage.fail(__('Did you mean %s?', recommended))","  }","","  self.reset = function (localLookup) {","    implied = objFilter(implied, function (k, v) {","      return !localLookup[k]","    })","    conflicting = objFilter(conflicting, function (k, v) {","      return !localLookup[k]","    })","    checks = checks.filter(function (c) {","      return c.global","    })","    return self","  }","","  var frozen","  self.freeze = function () {","    frozen = {}","    frozen.implied = implied","    frozen.checks = checks","    frozen.conflicting = conflicting","  }","  self.unfreeze = function () {","    implied = frozen.implied","    checks = frozen.checks","    conflicting = frozen.conflicting","    frozen = undefined","  }","","  return self","}",""],"l":{"1":1,"5":1,"6":1,"7":1,"8":1,"12":1,"13":0,"15":0,"17":0,"18":0,"19":0,"20":0,"25":0,"29":0,"30":0,"31":0,"36":0,"46":1,"47":0,"48":0,"56":1,"57":0,"58":0,"60":0,"61":0,"63":0,"64":0,"69":0,"71":0,"75":0,"76":0,"87":1,"88":0,"89":0,"91":0,"92":0,"93":0,"94":0,"98":0,"99":0,"100":0,"101":0,"102":0,"103":0,"107":0,"109":0,"119":1,"120":0,"121":0,"122":0,"123":0,"124":0,"125":0,"127":0,"128":0,"129":0,"133":0,"134":0,"140":0,"144":0,"145":0,"146":0,"147":0,"152":0,"153":0,"163":1,"164":0,"165":0,"167":0,"169":0,"170":0,"172":0,"174":0,"175":0,"181":0,"183":0,"185":0,"186":0,"187":0,"194":0,"198":1,"199":1,"200":0,"206":1,"207":0,"208":0,"209":0,"210":0,"211":0,"213":0,"214":0,"217":0,"218":0,"219":0,"220":0,"226":1,"227":1,"228":0,"229":0,"230":0,"233":0,"234":0,"237":1,"238":0,"241":1,"242":0,"244":0,"245":0,"246":0,"247":0,"250":0,"251":0,"253":0,"255":0,"256":0,"258":0,"259":0,"262":0,"265":0,"266":0,"268":0,"269":0,"270":0,"271":0,"272":0,"274":0,"277":0,"278":0,"282":0,"283":0,"285":0,"286":0,"289":0,"293":1,"294":1,"295":0,"296":0,"297":0,"300":0,"301":0,"304":1,"305":0,"308":1,"309":0,"311":0,"312":0,"313":0,"318":1,"319":0,"320":0,"321":0,"323":0,"324":0,"325":0,"326":0,"327":0,"328":0,"329":0,"332":0,"335":1,"336":0,"337":0,"339":0,"340":0,"342":0,"343":0,"345":0,"348":1,"349":1,"350":0,"351":0,"352":0,"353":0,"355":1,"356":0,"357":0,"358":0,"359":0,"362":1}},"/home/travis/build/npmtest/node-npmtest-yargs/yargs/lib/apply-extends.js":{"path":"/home/travis/build/npmtest/node-npmtest-yargs/yargs/lib/apply-extends.js","s":{"1":1,"2":1,"3":1,"4":1,"5":1,"6":1,"7":0,"8":0,"9":1,"10":0,"11":1,"12":0,"13":0,"14":0,"15":0,"16":0,"17":0,"18":0,"19":0,"20":0,"21":0,"22":0,"23":0,"24":1},"b":{"1":[0,0],"2":[0,0],"3":[0,0],"4":[0,0]},"f":{"1":0,"2":0,"3":0},"fnMap":{"1":{"name":"checkForCircularExtends","line":8,"loc":{"start":{"line":8,"column":0},"end":{"line":8,"column":40}}},"2":{"name":"getPathToDefaultConfig","line":14,"loc":{"start":{"line":14,"column":0},"end":{"line":14,"column":52}}},"3":{"name":"applyExtends","line":18,"loc":{"start":{"line":18,"column":0},"end":{"line":18,"column":44}}}},"statementMap":{"1":{"start":{"line":1,"column":0},"end":{"line":1,"column":22}},"2":{"start":{"line":2,"column":0},"end":{"line":2,"column":26}},"3":{"start":{"line":3,"column":0},"end":{"line":3,"column":32}},"4":{"start":{"line":4,"column":0},"end":{"line":4,"column":32}},"5":{"start":{"line":6,"column":0},"end":{"line":6,"column":33}},"6":{"start":{"line":8,"column":0},"end":{"line":12,"column":1}},"7":{"start":{"line":9,"column":2},"end":{"line":11,"column":3}},"8":{"start":{"line":10,"column":4},"end":{"line":10,"column":73}},"9":{"start":{"line":14,"column":0},"end":{"line":16,"column":1}},"10":{"start":{"line":15,"column":2},"end":{"line":15,"column":40}},"11":{"start":{"line":18,"column":0},"end":{"line":39,"column":1}},"12":{"start":{"line":19,"column":2},"end":{"line":19,"column":24}},"13":{"start":{"line":21,"column":2},"end":{"line":34,"column":3}},"14":{"start":{"line":22,"column":4},"end":{"line":22,"column":67}},"15":{"start":{"line":24,"column":4},"end":{"line":24,"column":42}},"16":{"start":{"line":26,"column":4},"end":{"line":26,"column":48}},"17":{"start":{"line":27,"column":4},"end":{"line":27,"column":25}},"18":{"start":{"line":29,"column":4},"end":{"line":29,"column":70}},"19":{"start":{"line":30,"column":4},"end":{"line":32,"column":5}},"20":{"start":{"line":31,"column":6},"end":{"line":31,"column":49}},"21":{"start":{"line":33,"column":4},"end":{"line":33,"column":84}},"22":{"start":{"line":36,"column":2},"end":{"line":36,"column":31}},"23":{"start":{"line":38,"column":2},"end":{"line":38,"column":38}},"24":{"start":{"line":41,"column":0},"end":{"line":41,"column":29}}},"branchMap":{"1":{"line":9,"type":"if","locations":[{"start":{"line":9,"column":2},"end":{"line":9,"column":2}},{"start":{"line":9,"column":2},"end":{"line":9,"column":2}}]},"2":{"line":21,"type":"if","locations":[{"start":{"line":21,"column":2},"end":{"line":21,"column":2}},{"start":{"line":21,"column":2},"end":{"line":21,"column":2}}]},"3":{"line":30,"type":"if","locations":[{"start":{"line":30,"column":4},"end":{"line":30,"column":4}},{"start":{"line":30,"column":4},"end":{"line":30,"column":4}}]},"4":{"line":31,"type":"binary-expr","locations":[{"start":{"line":31,"column":22},"end":{"line":31,"column":43}},{"start":{"line":31,"column":47},"end":{"line":31,"column":49}}]}},"code":["var fs = require('fs')","var path = require('path')","var assign = require('./assign')","var YError = require('./yerror')","","var previouslyVisitedConfigs = []","","function checkForCircularExtends (path) {","  if (previouslyVisitedConfigs.indexOf(path) > -1) {","    throw new YError(\"Circular extended configurations: '\" + path + \"'.\")","  }","}","","function getPathToDefaultConfig (cwd, pathToExtend) {","  return path.resolve(cwd, pathToExtend)","}","","function applyExtends (config, cwd, subKey) {","  var defaultConfig = {}","","  if (config.hasOwnProperty('extends')) {","    var pathToDefault = getPathToDefaultConfig(cwd, config.extends)","","    checkForCircularExtends(pathToDefault)","","    previouslyVisitedConfigs.push(pathToDefault)","    delete config.extends","","    defaultConfig = JSON.parse(fs.readFileSync(pathToDefault, 'utf8'))","    if (subKey) {","      defaultConfig = defaultConfig[subKey] || {}","    }","    defaultConfig = applyExtends(defaultConfig, path.dirname(pathToDefault), subKey)","  }","","  previouslyVisitedConfigs = []","","  return assign(defaultConfig, config)","}","","module.exports = applyExtends",""],"l":{"1":1,"2":1,"3":1,"4":1,"6":1,"8":1,"9":0,"10":0,"14":1,"15":0,"18":1,"19":0,"21":0,"22":0,"24":0,"26":0,"27":0,"29":0,"30":0,"31":0,"33":0,"36":0,"38":0,"41":1}}}